This is pdfTeX, Version 3.1415926-2.4-1.40.13 (MiKTeX 2.9) (preloaded format=pdflatex 2014.4.21)  11 MAY 2014 19:42
entering extended mode
**cloth_retargeting.tex

("D:\dropBox\Dropbox\New folder\wli_final_thesis\tex\phd_thesis_template\chapte
rs\cloth_retargeting.tex"
LaTeX2e <2011/06/27>
Babel <v3.8m> and hyphenation patterns for english, afrikaans, ancientgreek, ar
abic, armenian, assamese, basque, bengali, bokmal, bulgarian, catalan, coptic, 
croatian, czech, danish, dutch, esperanto, estonian, farsi, finnish, french, ga
lician, german, german-x-2012-05-30, greek, gujarati, hindi, hungarian, iceland
ic, indonesian, interlingua, irish, italian, kannada, kurmanji, latin, latvian,
 lithuanian, malayalam, marathi, mongolian, mongolianlmc, monogreek, ngerman, n
german-x-2012-05-30, nynorsk, oriya, panjabi, pinyin, polish, portuguese, roman
ian, russian, sanskrit, serbian, slovak, slovenian, spanish, swedish, swissgerm
an, tamil, telugu, turkish, turkmen, ukenglish, ukrainian, uppersorbian, usengl
ishmax, welsh, loaded.

("D:\dropBox\Dropbox\New folder\wli_final_thesis\tex\phd_thesis_template\format
\format-setup.tex" ("d:\Program Files (x86)\MiKTeX 2.9\tex\latex\base\report.cl
s"
Document Class: report 2007/10/19 v1.4h Standard LaTeX document class
("d:\Program Files (x86)\MiKTeX 2.9\tex\latex\base\size12.clo"
File: size12.clo 2007/10/19 v1.4h Standard LaTeX file (size option)
)
\c@part=\count79
\c@chapter=\count80
\c@section=\count81
\c@subsection=\count82
\c@subsubsection=\count83
\c@paragraph=\count84
\c@subparagraph=\count85
\c@figure=\count86
\c@table=\count87
\abovecaptionskip=\skip41
\belowcaptionskip=\skip42
\bibindent=\dimen102
)
("d:\Program Files (x86)\MiKTeX 2.9\tex\latex\geometry\geometry.sty"
Package: geometry 2010/09/12 v5.6 Page Geometry

("d:\Program Files (x86)\MiKTeX 2.9\tex\latex\graphics\keyval.sty"
Package: keyval 1999/03/16 v1.13 key=value parser (DPC)
\KV@toks@=\toks14
)
("d:\Program Files (x86)\MiKTeX 2.9\tex\generic\oberdiek\ifpdf.sty"
Package: ifpdf 2011/01/30 v2.3 Provides the ifpdf switch (HO)
Package ifpdf Info: pdfTeX in PDF mode is detected.
)
("d:\Program Files (x86)\MiKTeX 2.9\tex\generic\oberdiek\ifvtex.sty"
Package: ifvtex 2010/03/01 v1.5 Detect VTeX and its facilities (HO)
Package ifvtex Info: VTeX not detected.
)
("d:\Program Files (x86)\MiKTeX 2.9\tex\generic\ifxetex\ifxetex.sty"
Package: ifxetex 2010/09/12 v0.6 Provides ifxetex conditional
)
\Gm@cnth=\count88
\Gm@cntv=\count89
\c@Gm@tempcnt=\count90
\Gm@bindingoffset=\dimen103
\Gm@wd@mp=\dimen104
\Gm@odd@mp=\dimen105
\Gm@even@mp=\dimen106
\Gm@layoutwidth=\dimen107
\Gm@layoutheight=\dimen108
\Gm@layouthoffset=\dimen109
\Gm@layoutvoffset=\dimen110
\Gm@dimlist=\toks15

("d:\Program Files (x86)\MiKTeX 2.9\tex\latex\geometry\geometry.cfg"))
("d:\Program Files (x86)\MiKTeX 2.9\tex\latex\psnfss\times.sty"
Package: times 2005/04/12 PSNFSS-v9.2a (SPQR) 
)
(C:\Users\wli.STAFF.009\AppData\Roaming\MiKTeX\2.9\tex\latex\caption\caption.st
y
Package: caption 2013/04/14 v3.3-73 Customizing captions (AR)

(C:\Users\wli.STAFF.009\AppData\Roaming\MiKTeX\2.9\tex\latex\caption\caption3.s
ty
Package: caption3 2013/04/14 v1.5-71 caption3 kernel (AR)
\captionmargin=\dimen111
\captionmargin@=\dimen112
\captionwidth=\dimen113
\caption@tempdima=\dimen114
\caption@indent=\dimen115
\caption@parindent=\dimen116
\caption@hangindent=\dimen117
)
\c@ContinuedFloat=\count91
)
(C:\Users\wli.STAFF.009\AppData\Roaming\MiKTeX\2.9\tex\latex\footmisc\footmisc.
sty
Package: footmisc 2011/06/06 v5.5b a miscellany of footnote facilities
\FN@temptoken=\toks16
\footnotemargin=\dimen118
\c@pp@next@reset=\count92
Package footmisc Info: Declaring symbol style bringhurst on input line 855.
Package footmisc Info: Declaring symbol style chicago on input line 863.
Package footmisc Info: Declaring symbol style wiley on input line 872.
Package footmisc Info: Declaring symbol style lamport-robust on input line 883.

Package footmisc Info: Declaring symbol style lamport* on input line 903.
Package footmisc Info: Declaring symbol style lamport*-robust on input line 924
.
) ("d:\Program Files (x86)\MiKTeX 2.9\tex\latex\hyperref\hyperref.sty"
Package: hyperref 2012/11/06 v6.83m Hypertext links for LaTeX

("d:\Program Files (x86)\MiKTeX 2.9\tex\generic\oberdiek\hobsub-hyperref.sty"
Package: hobsub-hyperref 2012/04/25 v1.12 Bundle oberdiek, subset hyperref (HO)


("d:\Program Files (x86)\MiKTeX 2.9\tex\generic\oberdiek\hobsub-generic.sty"
Package: hobsub-generic 2012/04/25 v1.12 Bundle oberdiek, subset generic (HO)
Package: hobsub 2012/04/25 v1.12 Construct package bundles (HO)
Package: infwarerr 2010/04/08 v1.3 Providing info/warning/error messages (HO)
Package: ltxcmds 2011/11/09 v1.22 LaTeX kernel commands for general use (HO)
Package: ifluatex 2010/03/01 v1.3 Provides the ifluatex switch (HO)
Package ifluatex Info: LuaTeX not detected.
Package hobsub Info: Skipping package `ifvtex' (already loaded).
Package: intcalc 2007/09/27 v1.1 Expandable calculations with integers (HO)
Package hobsub Info: Skipping package `ifpdf' (already loaded).
Package: etexcmds 2011/02/16 v1.5 Avoid name clashes with e-TeX commands (HO)
Package etexcmds Info: Could not find \expanded.
(etexcmds)             That can mean that you are not using pdfTeX 1.50 or
(etexcmds)             that some package has redefined \expanded.
(etexcmds)             In the latter case, load this package earlier.
Package: kvsetkeys 2012/04/25 v1.16 Key value parser (HO)
Package: kvdefinekeys 2011/04/07 v1.3 Define keys (HO)
Package: pdftexcmds 2011/11/29 v0.20 Utility functions of pdfTeX for LuaTeX (HO
)
Package pdftexcmds Info: LuaTeX not detected.
Package pdftexcmds Info: \pdf@primitive is available.
Package pdftexcmds Info: \pdf@ifprimitive is available.
Package pdftexcmds Info: \pdfdraftmode found.
Package: pdfescape 2011/11/25 v1.13 Implements pdfTeX's escape features (HO)
Package: bigintcalc 2012/04/08 v1.3 Expandable calculations on big integers (HO
)
Package: bitset 2011/01/30 v1.1 Handle bit-vector datatype (HO)
Package: uniquecounter 2011/01/30 v1.2 Provide unlimited unique counter (HO)
)
Package hobsub Info: Skipping package `hobsub' (already loaded).
Package: letltxmacro 2010/09/02 v1.4 Let assignment for LaTeX macros (HO)
Package: hopatch 2011/06/24 v1.1 Wrapper for package hooks (HO)
Package: xcolor-patch 2011/01/30 xcolor patch
Package: atveryend 2011/06/30 v1.8 Hooks at the very end of document (HO)
Package atveryend Info: \enddocument detected (standard20110627).
Package: atbegshi 2011/10/05 v1.16 At begin shipout hook (HO)
Package: refcount 2011/10/16 v3.4 Data extraction from label references (HO)
Package: hycolor 2011/01/30 v1.7 Color options for hyperref/bookmark (HO)
)
("d:\Program Files (x86)\MiKTeX 2.9\tex\latex\oberdiek\auxhook.sty"
Package: auxhook 2011/03/04 v1.3 Hooks for auxiliary files (HO)
)
("d:\Program Files (x86)\MiKTeX 2.9\tex\latex\oberdiek\kvoptions.sty"
Package: kvoptions 2011/06/30 v3.11 Key value format for package options (HO)
)
\@linkdim=\dimen119
\Hy@linkcounter=\count93
\Hy@pagecounter=\count94

("d:\Program Files (x86)\MiKTeX 2.9\tex\latex\hyperref\pd1enc.def"
File: pd1enc.def 2012/11/06 v6.83m Hyperref: PDFDocEncoding definition (HO)
)
\Hy@SavedSpaceFactor=\count95

("d:\Program Files (x86)\MiKTeX 2.9\tex\latex\00miktex\hyperref.cfg"
File: hyperref.cfg 2002/06/06 v1.2 hyperref configuration of TeXLive
)
Package hyperref Info: Hyper figures OFF on input line 4443.
Package hyperref Info: Link nesting OFF on input line 4448.
Package hyperref Info: Hyper index ON on input line 4451.
Package hyperref Info: Plain pages OFF on input line 4458.
Package hyperref Info: Backreferencing OFF on input line 4463.
Package hyperref Info: Implicit mode ON; LaTeX internals redefined.
Package hyperref Info: Bookmarks ON on input line 4688.
\c@Hy@tempcnt=\count96

("d:\Program Files (x86)\MiKTeX 2.9\tex\latex\ltxmisc\url.sty"
\Urlmuskip=\muskip10
Package: url 2006/04/12  ver 3.3  Verb mode for urls, etc.
)
LaTeX Info: Redefining \url on input line 5041.
\XeTeXLinkMargin=\dimen120
\Fld@menulength=\count97
\Field@Width=\dimen121
\Fld@charsize=\dimen122
Package hyperref Info: Hyper figures OFF on input line 6295.
Package hyperref Info: Link nesting OFF on input line 6300.
Package hyperref Info: Hyper index ON on input line 6303.
Package hyperref Info: backreferencing OFF on input line 6310.
Package hyperref Info: Link coloring OFF on input line 6315.
Package hyperref Info: Link coloring with OCG OFF on input line 6320.
Package hyperref Info: PDF/A mode OFF on input line 6325.
LaTeX Info: Redefining \ref on input line 6365.
LaTeX Info: Redefining \pageref on input line 6369.
\Hy@abspage=\count98
\c@Item=\count99
\c@Hfootnote=\count100
)

Package hyperref Message: Driver (autodetected): hpdftex.

("d:\Program Files (x86)\MiKTeX 2.9\tex\latex\hyperref\hpdftex.def"
File: hpdftex.def 2012/11/06 v6.83m Hyperref driver for pdfTeX
\Fld@listcount=\count101
\c@bookmark@seq@number=\count102

("d:\Program Files (x86)\MiKTeX 2.9\tex\latex\oberdiek\rerunfilecheck.sty"
Package: rerunfilecheck 2011/04/15 v1.7 Rerun checks for auxiliary files (HO)
Package uniquecounter Info: New unique counter `rerunfilecheck' on input line 2
82.
)
\Hy@SectionHShift=\skip43
)
("d:\Program Files (x86)\MiKTeX 2.9\tex\latex\oberdiek\bookmark.sty"
Package: bookmark 2011/12/02 v1.24 PDF bookmarks (HO)

("d:\Program Files (x86)\MiKTeX 2.9\tex\latex\oberdiek\bkm-pdftex.def"
File: bkm-pdftex.def 2011/12/02 v1.24 bookmark driver for pdfTeX (HO)
\BKM@id=\count103
))
(C:\Users\wli.STAFF.009\AppData\Roaming\MiKTeX\2.9\tex\latex\fancyhdr\fancyhdr.
sty
\fancy@headwidth=\skip44
\f@ncyO@elh=\skip45
\f@ncyO@erh=\skip46
\f@ncyO@olh=\skip47
\f@ncyO@orh=\skip48
\f@ncyO@elf=\skip49
\f@ncyO@erf=\skip50
\f@ncyO@olf=\skip51
\f@ncyO@orf=\skip52
) ("d:\Program Files (x86)\MiKTeX 2.9\tex\latex\graphics\graphicx.sty"
Package: graphicx 1999/02/16 v1.0f Enhanced LaTeX Graphics (DPC,SPQR)

("d:\Program Files (x86)\MiKTeX 2.9\tex\latex\graphics\graphics.sty"
Package: graphics 2009/02/05 v1.0o Standard LaTeX Graphics (DPC,SPQR)

("d:\Program Files (x86)\MiKTeX 2.9\tex\latex\graphics\trig.sty"
Package: trig 1999/03/16 v1.09 sin cos tan (DPC)
)
("d:\Program Files (x86)\MiKTeX 2.9\tex\latex\00miktex\graphics.cfg"
File: graphics.cfg 2007/01/18 v1.5 graphics configuration of teTeX/TeXLive
)
Package graphics Info: Driver file: pdftex.def on input line 91.

("d:\Program Files (x86)\MiKTeX 2.9\tex\latex\pdftex-def\pdftex.def"
File: pdftex.def 2011/05/27 v0.06d Graphics/color for pdfTeX
\Gread@gobject=\count104
))
\Gin@req@height=\dimen123
\Gin@req@width=\dimen124
)
("d:\Program Files (x86)\MiKTeX 2.9\tex\latex\ltxmisc\parskip.sty"
Package: parskip 2001/04/09 non-zero parskip adjustments
)
(C:\Users\wli.STAFF.009\AppData\Roaming\MiKTeX\2.9\tex\latex\tocloft\tocloft.st
y
Package: tocloft 2013/05/02 v2.3f parameterised ToC, etc., typesetting
Package tocloft Info: The document has chapter divisions on input line 44.
\cftparskip=\skip53
\cftbeforetoctitleskip=\skip54
\cftaftertoctitleskip=\skip55
\cftbeforepartskip=\skip56
\cftpartnumwidth=\skip57
\cftpartindent=\skip58
\cftbeforechapskip=\skip59
\cftchapindent=\skip60
\cftchapnumwidth=\skip61
\cftbeforesecskip=\skip62
\cftsecindent=\skip63
\cftsecnumwidth=\skip64
\cftbeforesubsecskip=\skip65
\cftsubsecindent=\skip66
\cftsubsecnumwidth=\skip67
\cftbeforesubsubsecskip=\skip68
\cftsubsubsecindent=\skip69
\cftsubsubsecnumwidth=\skip70
\cftbeforeparaskip=\skip71
\cftparaindent=\skip72
\cftparanumwidth=\skip73
\cftbeforesubparaskip=\skip74
\cftsubparaindent=\skip75
\cftsubparanumwidth=\skip76
\cftbeforeloftitleskip=\skip77
\cftafterloftitleskip=\skip78
\cftbeforefigskip=\skip79
\cftfigindent=\skip80
\cftfignumwidth=\skip81
\c@lofdepth=\count105
\c@lotdepth=\count106
\cftbeforelottitleskip=\skip82
\cftafterlottitleskip=\skip83
\cftbeforetabskip=\skip84
\cfttabindent=\skip85
\cfttabnumwidth=\skip86
) ("d:\Program Files (x86)\MiKTeX 2.9\tex\latex\tools\array.sty"
Package: array 2008/09/09 v2.4c Tabular extension package (FMi)
\col@sep=\dimen125
\extrarowheight=\dimen126
\NC@list=\toks17
\extratabsurround=\skip87
\backup@length=\skip88
)
("d:\Program Files (x86)\MiKTeX 2.9\tex\latex\tools\longtable.sty"
Package: longtable 2004/02/01 v4.11 Multi-page Table package (DPC)
\LTleft=\skip89
\LTright=\skip90
\LTpre=\skip91
\LTpost=\skip92
\LTchunksize=\count107
\LTcapwidth=\dimen127
\LT@head=\box26
\LT@firsthead=\box27
\LT@foot=\box28
\LT@lastfoot=\box29
\LT@cols=\count108
\LT@rows=\count109
\c@LT@tables=\count110
\c@LT@chunks=\count111
\LT@p@ftn=\toks18
)
(C:\Users\wli.STAFF.009\AppData\Roaming\MiKTeX\2.9\tex\latex\wrapfig\wrapfig.st
y
\wrapoverhang=\dimen128
\WF@size=\dimen129
\c@WF@wrappedlines=\count112
\WF@box=\box30
\WF@everypar=\toks19
Package: wrapfig 2003/01/31  v 3.6
)
(C:\Users\wli.STAFF.009\AppData\Roaming\MiKTeX\2.9\tex\latex\caption\subcaption
.sty
Package: subcaption 2013/02/03 v1.1-62 Sub-captions (AR)
\c@subfigure=\count113
\c@subtable=\count114
) ("d:\Program Files (x86)\MiKTeX 2.9\tex\latex\graphics\color.sty"
Package: color 2005/11/14 v1.0j Standard LaTeX Color (DPC)

("d:\Program Files (x86)\MiKTeX 2.9\tex\latex\00miktex\color.cfg"
File: color.cfg 2007/01/18 v1.5 color configuration of teTeX/TeXLive
)
Package color Info: Driver file: pdftex.def on input line 130.
)
(C:\Users\wli.STAFF.009\AppData\Roaming\MiKTeX\2.9\tex\latex\setspace\setspace.
sty
Package: setspace 2011/12/19 v6.7a set line spacing
) ("d:\Program Files (x86)\MiKTeX 2.9\tex\latex\multirow\multirow.sty"
\bigstrutjot=\dimen130
)
("d:\Program Files (x86)\MiKTeX 2.9\tex\latex\amsmath\amsmath.sty"
Package: amsmath 2013/01/14 v2.14 AMS math features
\@mathmargin=\skip93

For additional information on amsmath, use the `?' option.
("d:\Program Files (x86)\MiKTeX 2.9\tex\latex\amsmath\amstext.sty"
Package: amstext 2000/06/29 v2.01

("d:\Program Files (x86)\MiKTeX 2.9\tex\latex\amsmath\amsgen.sty"
File: amsgen.sty 1999/11/30 v2.0
\@emptytoks=\toks20
\ex@=\dimen131
))
("d:\Program Files (x86)\MiKTeX 2.9\tex\latex\amsmath\amsbsy.sty"
Package: amsbsy 1999/11/29 v1.2d
\pmbraise@=\dimen132
)
("d:\Program Files (x86)\MiKTeX 2.9\tex\latex\amsmath\amsopn.sty"
Package: amsopn 1999/12/14 v2.01 operator names
)
\inf@bad=\count115
LaTeX Info: Redefining \frac on input line 210.
\uproot@=\count116
\leftroot@=\count117
LaTeX Info: Redefining \overline on input line 306.
\classnum@=\count118
\DOTSCASE@=\count119
LaTeX Info: Redefining \ldots on input line 378.
LaTeX Info: Redefining \dots on input line 381.
LaTeX Info: Redefining \cdots on input line 466.
\Mathstrutbox@=\box31
\strutbox@=\box32
\big@size=\dimen133
LaTeX Font Info:    Redeclaring font encoding OML on input line 566.
LaTeX Font Info:    Redeclaring font encoding OMS on input line 567.
\macc@depth=\count120
\c@MaxMatrixCols=\count121
\dotsspace@=\muskip11
\c@parentequation=\count122
\dspbrk@lvl=\count123
\tag@help=\toks21
\row@=\count124
\column@=\count125
\maxfields@=\count126
\andhelp@=\toks22
\eqnshift@=\dimen134
\alignsep@=\dimen135
\tagshift@=\dimen136
\tagwidth@=\dimen137
\totwidth@=\dimen138
\lineht@=\dimen139
\@envbody=\toks23
\multlinegap=\skip94
\multlinetaggap=\skip95
\mathdisplay@stack=\toks24
LaTeX Info: Redefining \[ on input line 2665.
LaTeX Info: Redefining \] on input line 2666.
)
("d:\Program Files (x86)\MiKTeX 2.9\tex\latex\amsfonts\amsfonts.sty"
Package: amsfonts 2013/01/14 v3.01 Basic AMSFonts support
\symAMSa=\mathgroup4
\symAMSb=\mathgroup5
LaTeX Font Info:    Overwriting math alphabet `\mathfrak' in version `bold'
(Font)                  U/euf/m/n --> U/euf/b/n on input line 106.
)
("d:\Program Files (x86)\MiKTeX 2.9\tex\latex\base\alltt.sty"
Package: alltt 1997/06/16 v2.0g defines alltt environment
)
(C:\Users\wli.STAFF.009\AppData\Roaming\MiKTeX\2.9\tex\latex\algorithmicx\algor
ithmicx.sty
Package: algorithmicx 2005/04/27 v1.2 Algorithmicx
 ("d:\Program Files (x86)\MiKTeX 2.9\tex\latex\base\ifthen.sty"
Package: ifthen 2001/05/26 v1.1c Standard LaTeX ifthen package (DPC)
)
Document Style algorithmicx 1.2 - a greatly improved `algorithmic' style
\c@ALG@line=\count127
\c@ALG@rem=\count128
\c@ALG@nested=\count129
\ALG@tlm=\skip96
\ALG@thistlm=\skip97
\c@ALG@Lnr=\count130
\c@ALG@blocknr=\count131
\c@ALG@storecount=\count132
\c@ALG@tmpcounter=\count133
\ALG@tmplength=\skip98
)
(C:\Users\wli.STAFF.009\AppData\Roaming\MiKTeX\2.9\tex\latex\algorithms\algorit
hm.sty
Package: algorithm 2009/08/24 v0.1 Document Style `algorithm' - floating enviro
nment
 ("d:\Program Files (x86)\MiKTeX 2.9\tex\latex\float\float.sty"
Package: float 2001/11/08 v1.3d Float enhancements (AL)
\c@float@type=\count134
\float@exts=\toks25
\float@box=\box33
\@float@everytoks=\toks26
\@floatcapt=\box34
)
\@float@every@algorithm=\toks27
\c@algorithm=\count135
)
(C:\Users\wli.STAFF.009\AppData\Roaming\MiKTeX\2.9\tex\latex\algorithmicx\algpa
scal.sty
Package: algpascal 

Document Style - pascal environments for the `algorithmicx' style
)
(C:\Users\wli.STAFF.009\AppData\Roaming\MiKTeX\2.9\tex\latex\algorithmicx\algc.
sty
Package: algc 

Document Style - c/c++ environments for use with the `algorithmicx' style
)
(C:\Users\wli.STAFF.009\AppData\Roaming\MiKTeX\2.9\tex\latex\algorithmicx\algco
mpatible.sty
Package: algcompatible 

Document Style - algorithmic compatible environments for the `algorithmicx' sty
le
)
(C:\Users\wli.STAFF.009\AppData\Roaming\MiKTeX\2.9\tex\latex\algorithmicx\algps
eudocode.sty
Package: algpseudocode 

Document Style - pseudocode environments for use with the `algorithmicx' style
)
(C:\Users\wli.STAFF.009\AppData\Roaming\MiKTeX\2.9\tex\latex\linegoal\linegoal.
sty
Package: linegoal 2011/02/25 v2.9 - Measuring the remaining width of the line
 ("d:\Program Files (x86)\MiKTeX 2.9\tex\latex\misc\etex.sty"
Package: etex 1998/03/26 v2.0 eTeX basic definition package (PEB)
\et@xins=\count136
)
("d:\Program Files (x86)\MiKTeX 2.9\tex\latex\oberdiek\zref.sty"
Package: zref 2012/04/04 v2.24 A new reference scheme for LaTeX (HO)

("d:\Program Files (x86)\MiKTeX 2.9\tex\latex\oberdiek\zref-base.sty"
Package: zref-base 2012/04/04 v2.24 Module base for zref (HO)
Package zref Info: New property list: main on input line 759.
Package zref Info: New property: default on input line 760.
Package zref Info: New property: page on input line 761.
))
("d:\Program Files (x86)\MiKTeX 2.9\tex\latex\oberdiek\zref-savepos.sty"
Package: zref-savepos 2012/04/04 v2.24 Module savepos for zref (HO)
Package zref Info: New property list: savepos on input line 75.
Package zref Info: New property: posx on input line 76.
Package zref Info: New property: posy on input line 77.
)
Package zref Info: New property: linegoal on input line 39.
\LNGL@unique=\count277
\LNGL@tempdim=\dimen256
)
(C:\Users\wli.STAFF.009\AppData\Roaming\MiKTeX\2.9\tex\latex\natbib\natbib.sty
Package: natbib 2010/09/13 8.31b (PWD, AO)
\bibhang=\skip99
\bibsep=\skip100
LaTeX Info: Redefining \cite on input line 694.
\c@NAT@ctr=\count137
))
("D:\dropBox\Dropbox\New folder\wli_final_thesis\tex\phd_thesis_template\chapte
rs\cloth_retargeting.aux")
LaTeX Font Info:    Checking defaults for OML/cmm/m/it on input line 5.
LaTeX Font Info:    ... okay on input line 5.
LaTeX Font Info:    Checking defaults for T1/cmr/m/n on input line 5.
LaTeX Font Info:    ... okay on input line 5.
LaTeX Font Info:    Checking defaults for OT1/cmr/m/n on input line 5.
LaTeX Font Info:    ... okay on input line 5.
LaTeX Font Info:    Checking defaults for OMS/cmsy/m/n on input line 5.
LaTeX Font Info:    ... okay on input line 5.
LaTeX Font Info:    Checking defaults for OMX/cmex/m/n on input line 5.
LaTeX Font Info:    ... okay on input line 5.
LaTeX Font Info:    Checking defaults for U/cmr/m/n on input line 5.
LaTeX Font Info:    ... okay on input line 5.
LaTeX Font Info:    Checking defaults for PD1/pdf/m/n on input line 5.
LaTeX Font Info:    ... okay on input line 5.
LaTeX Font Info:    Try loading font information for OT1+ptm on input line 5.

("d:\Program Files (x86)\MiKTeX 2.9\tex\latex\psnfss\ot1ptm.fd"
File: ot1ptm.fd 2001/06/04 font definitions for OT1/ptm.
)
*geometry* driver: auto-detecting
*geometry* detected driver: pdftex
*geometry* verbose mode - [ preamble ] result:
* driver: pdftex
* paper: a4paper
* layout: <same size as paper>
* layoutoffset:(h,v)=(0.0pt,0.0pt)
* modes: 
* h-part:(L,W,R)=(144.54pt, 381.836pt, 71.13188pt)
* v-part:(T,H,B)=(101.40665pt, 672.50832pt, 71.13188pt)
* \paperwidth=597.50787pt
* \paperheight=845.04684pt
* \textwidth=368.57744pt
* \textheight=650.43pt
* \oddsidemargin=72.27pt
* \evensidemargin=72.27pt
* \topmargin=-14.45377pt
* \headheight=12.0pt
* \headsep=25.0pt
* \topskip=12.0pt
* \footskip=30.0pt
* \marginparwidth=35.0pt
* \marginparsep=10.0pt
* \columnsep=10.0pt
* \skip\footins=10.8pt plus 4.0pt minus 2.0pt
* \hoffset=0.0pt
* \voffset=0.0pt
* \mag=1000
* \@twocolumnfalse
* \@twosidefalse
* \@mparswitchfalse
* \@reversemarginfalse
* (1in=72.27pt=25.4mm, 1cm=28.453pt)

Package caption Info: Begin \AtBeginDocument code.
Package caption Info: float package is loaded.
Package caption Info: hyperref package is loaded.
Package caption Info: longtable package is loaded.

(C:\Users\wli.STAFF.009\AppData\Roaming\MiKTeX\2.9\tex\latex\caption\ltcaption.
sty
Package: ltcaption 2013/02/03 v1.3-62 longtable captions (AR)
)
Package caption Info: wrapfig package is loaded.
Package caption Info: End \AtBeginDocument code.
\AtBeginShipoutBox=\box35
Package hyperref Info: Link coloring OFF on input line 5.
 ("d:\Program Files (x86)\MiKTeX 2.9\tex\latex\hyperref\nameref.sty"
Package: nameref 2012/10/27 v2.43 Cross-referencing by name of section

("d:\Program Files (x86)\MiKTeX 2.9\tex\generic\oberdiek\gettitlestring.sty"
Package: gettitlestring 2010/12/03 v1.4 Cleanup title references (HO)
)
\c@section@level=\count138
)
LaTeX Info: Redefining \ref on input line 5.
LaTeX Info: Redefining \pageref on input line 5.
LaTeX Info: Redefining \nameref on input line 5.

(C:\Users\wli.STAFF.009\AppData\Roaming\MiKTeX\2.9\tex\context\base\supp-pdf.mk
ii
[Loading MPS to PDF converter (version 2006.09.02).]
\scratchcounter=\count139
\scratchdimen=\dimen140
\scratchbox=\box36
\nofMPsegments=\count140
\nofMParguments=\count141
\everyMPshowfont=\toks28
\MPscratchCnt=\count142
\MPscratchDim=\dimen141
\MPnumerator=\count143
\makeMPintoPDFobject=\count144
\everyMPtoPDFconversion=\toks29
)
Chapter 1.
LaTeX Font Info:    Font shape `OT1/ptm/bx/n' in size <24.88> not available
(Font)              Font shape `OT1/ptm/b/n' tried instead on input line 14.
LaTeX Font Info:    Font shape `OT1/ptm/bx/n' in size <12> not available
(Font)              Font shape `OT1/ptm/b/n' tried instead on input line 17.

LaTeX Warning: Reference `cha:geodesic' on page 1 undefined on input line 17.

LaTeX Font Info:    Font shape `OT1/ptm/bx/n' in size <17.28> not available
(Font)              Font shape `OT1/ptm/b/n' tried instead on input line 21.
[1


{C:/ProgramData/MiKTeX/2.9/pdftex/config/pdftex.map}] [2]
<../images/general_workflow.jpg, id=26, 661.9932pt x 414.8298pt>
File: ../images/general_workflow.jpg Graphic file (type jpg)

<use ../images/general_workflow.jpg>
Package pdftex.def Info: ../images/general_workflow.jpg used on input line 36.
(pdftex.def)             Requested size: 368.57744pt x 230.96751pt.
 [3]
LaTeX Font Info:    Font shape `OT1/ptm/bx/n' in size <14.4> not available
(Font)              Font shape `OT1/ptm/b/n' tried instead on input line 53.
 [4 <D:/dropBox/Dropbox/New folder/wli_final_thesis/tex/phd_thesis_template/ima
ges/general_workflow.jpg>]
<../images/block_pattern.jpg, id=52, 759.83875pt x 673.51625pt>
File: ../images/block_pattern.jpg Graphic file (type jpg)

<use ../images/block_pattern.jpg>
Package pdftex.def Info: ../images/block_pattern.jpg used on input line 58.
(pdftex.def)             Requested size: 368.57744pt x 326.70638pt.

Underfull \hbox (badness 10000) in paragraph at lines 58--59

 []

<../images/garment_block.jpg, id=57, 1168.365pt x 895.345pt>
File: ../images/garment_block.jpg Graphic file (type jpg)

<use ../images/garment_block.jpg>
Package pdftex.def Info: ../images/garment_block.jpg used on input line 64.
(pdftex.def)             Requested size: 368.57744pt x 282.44502pt.

Underfull \hbox (badness 10000) in paragraph at lines 64--65

 []

[5 <D:/dropBox/Dropbox/New folder/wli_final_thesis/tex/phd_thesis_template/imag
es/block_pattern.jpg>]
Overfull \hbox (2.68753pt too wide) in paragraph at lines 69--70
[]\OT1/ptm/m/n/12 Figure []1.3[] demon-strates land-marks that are as-so-ci-ate
d with da-tum points
 []

[6 <D:/dropBox/Dropbox/New folder/wli_final_thesis/tex/phd_thesis_template/imag
es/garment_block.jpg>]
<../images/sknny_fatty.jpeg, id=82, 1927.2pt x 1084.05pt>
File: ../images/sknny_fatty.jpeg Graphic file (type jpg)

<use ../images/sknny_fatty.jpeg>
Package pdftex.def Info: ../images/sknny_fatty.jpeg used on input line 79.
(pdftex.def)             Requested size: 368.57744pt x 207.31148pt.

Underfull \hbox (badness 10000) in paragraph at lines 79--80

 []

[7 <D:/dropBox/Dropbox/New folder/wli_final_thesis/tex/phd_thesis_template/imag
es/sknny_fatty.jpeg>] [8] [9]
<../images/pattern_example.jpg, id=112, 1096.095pt x 828.09375pt>
File: ../images/pattern_example.jpg Graphic file (type jpg)

<use ../images/pattern_example.jpg>
Package pdftex.def Info: ../images/pattern_example.jpg used on input line 107.
(pdftex.def)             Requested size: 368.57744pt x 278.46504pt.

Underfull \hbox (badness 10000) in paragraph at lines 107--108

 []

[10 <D:/dropBox/Dropbox/New folder/wli_final_thesis/tex/phd_thesis_template/ima
ges/pattern_example.jpg>]
<../images/block.jpg, id=120, 559.08875pt x 785.93625pt>
File: ../images/block.jpg Graphic file (type jpg)

<use ../images/block.jpg>
Package pdftex.def Info: ../images/block.jpg used on input line 120.
(pdftex.def)             Requested size: 184.28871pt x 259.05995pt.


LaTeX Warning: `h' float specifier changed to `ht'.

<../images/block_proportional_scaling.jpg, id=123, 935.495pt x 728.7225pt>
File: ../images/block_proportional_scaling.jpg Graphic file (type jpg)

<use ../images/block_proportional_scaling.jpg>
Package pdftex.def Info: ../images/block_proportional_scaling.jpg used on input
 line 131.
(pdftex.def)             Requested size: 258.00307pt x 200.97195pt.


LaTeX Warning: `h' float specifier changed to `ht'.


<../images/all_block_proportional_scaling.jpg, id=124, 866.23625pt x 721.69624p
t>
File: ../images/all_block_proportional_scaling.jpg Graphic file (type jpg)
 <use ../images/all_block_proportional_scaling.jpg>
Package pdftex.def Info: ../images/all_block_proportional_scaling.jpg used on i
nput line 139.
(pdftex.def)             Requested size: 331.71744pt x 276.36176pt.
 [11] [12 <D:/dropBox/Dropbox/New folder/wli_final_thesis/tex/phd_thesis_templa
te/images/block.jpg> <D:/dropBox/Dropbox/New folder/wli_final_thesis/tex/phd_th
esis_template/images/all_block_proportional_scaling.jpg>]
<../images/confict.jpg, id=137, 1333.98375pt x 666.49pt>
File: ../images/confict.jpg Graphic file (type jpg)

<use ../images/confict.jpg>
Package pdftex.def Info: ../images/confict.jpg used on input line 150.
(pdftex.def)             Requested size: 368.57744pt x 184.14465pt.
 [13 <D:/dropBox/Dropbox/New folder/wli_final_thesis/tex/phd_thesis_template/im
ages/block_proportional_scaling.jpg> <D:/dropBox/Dropbox/New folder/wli_final_t
hesis/tex/phd_thesis_template/images/confict.jpg>]
[14]
Overfull \hbox (1.48825pt too wide) in paragraph at lines 168--169
[]\OT1/ptm/m/n/12 For cur-rent gra-di-ent based op-ti-miza-tion meth-ods, han-d
ling large amount
 []


Overfull \hbox (6.34709pt too wide) in paragraph at lines 168--169
\OT1/ptm/m/n/12 quired by ge-netic al-go-rithm. More-over, un-like tra-di-tiona
l op-ti-miza-tion method,
 []

[15] [16] <../images/GA_SO_flowchart.jpg, id=171, 251.9814pt x 496.7358pt>
File: ../images/GA_SO_flowchart.jpg Graphic file (type jpg)

<use ../images/GA_SO_flowchart.jpg>
Package pdftex.def Info: ../images/GA_SO_flowchart.jpg used on input line 184.
(pdftex.def)             Requested size: 184.28871pt x 363.30385pt.
 [17] [18 <D:/dropBox/Dropbox/New folder/wli_final_thesis/tex/phd_thesis_templa
te/images/GA_SO_flowchart.jpg>]
LaTeX Font Info:    Try loading font information for U+msa on input line 195.

("d:\Program Files (x86)\MiKTeX 2.9\tex\latex\amsfonts\umsa.fd"
File: umsa.fd 2013/01/14 v3.01 AMS symbols A
)
LaTeX Font Info:    Try loading font information for U+msb on input line 195.

("d:\Program Files (x86)\MiKTeX 2.9\tex\latex\amsfonts\umsb.fd"
File: umsb.fd 2013/01/14 v3.01 AMS symbols B
) [19]
<../images/body_pattern_mapping.jpg, id=199, 1112.155pt x 795.97375pt>
File: ../images/body_pattern_mapping.jpg Graphic file (type jpg)

<use ../images/body_pattern_mapping.jpg>
Package pdftex.def Info: ../images/body_pattern_mapping.jpg used on input line 
218.
(pdftex.def)             Requested size: 368.57744pt x 263.78954pt.
 [20]
Package hyperref Info: bookmark level for unknown algorithm defaults to 0 on in
put line 226.
 [21 <D:/dropBox/Dropbox/New folder/wli_final_thesis/tex/phd_thesis_template/im
ages/body_pattern_mapping.jpg>]
Overfull \hbox (1.99231pt too wide) in paragraph at lines 254--255
[]\OT1/ptm/m/n/12 Equation []1.2[] is a bi-lin-ear method that in-tro-duced by 
[]Michalewicz[] ([]1996[])
 []

[22] [23] <../images/crossover.jpg, id=233, 803.0pt x 602.25pt>
File: ../images/crossover.jpg Graphic file (type jpg)

<use ../images/crossover.jpg>
Package pdftex.def Info: ../images/crossover.jpg used on input line 272.
(pdftex.def)             Requested size: 368.57744pt x 276.44102pt.
 [24 <D:/dropBox/Dropbox/New folder/wli_final_thesis/tex/phd_thesis_template/im
ages/crossover.jpg>] [25] [26]
Underfull \hbox (badness 6220) in paragraph at lines 345--345
[]\OT1/ptm/m/n/12 Reapply Equa-tion []1.3[] to each el-e-ment in
 []


Underfull \hbox (badness 6691) in paragraph at lines 345--345
$\OML/cmm/m/it/12 Variables$ \OT1/ptm/m/n/12 and eval-u-ate the newly formed
 []


Underfull \hbox (badness 6220) in paragraph at lines 357--357
[]\OT1/ptm/m/n/12 Reapply Equa-tion []1.3[] to each el-e-ment in
 []


Underfull \hbox (badness 6691) in paragraph at lines 357--357
$\OML/cmm/m/it/12 Variables$ \OT1/ptm/m/n/12 and eval-u-ate the newly formed
 []

<../images/mutation_evaluation.jpg, id=284, 1086.0575pt x 578.16pt>
File: ../images/mutation_evaluation.jpg Graphic file (type jpg)

<use ../images/mutation_evaluation.jpg>
Package pdftex.def Info: ../images/mutation_evaluation.jpg used on input line 3
73.
(pdftex.def)             Requested size: 368.57744pt x 196.2101pt.
 [27] [28] [29 <D:/dropBox/Dropbox/New folder/wli_final_thesis/tex/phd_thesis_t
emplate/images/mutation_evaluation.jpg>] [30] <../images/seam_line.jpg, id=312,
 601.24625pt x 664.4825pt>
File: ../images/seam_line.jpg Graphic file (type jpg)

<use ../images/seam_line.jpg>
Package pdftex.def Info: ../images/seam_line.jpg used on input line 402.
(pdftex.def)             Requested size: 258.00307pt x 285.14397pt.
 [31] [32 <D:/dropBox/Dropbox/New folder/wli_final_thesis/tex/phd_thesis_templa
te/images/seam_line.jpg>] [33]
<../images/MOP_shape_evaluation.jpg, id=345, 1213.53375pt x 692.5875pt>
File: ../images/MOP_shape_evaluation.jpg Graphic file (type jpg)

<use ../images/MOP_shape_evaluation.jpg>
Package pdftex.def Info: ../images/MOP_shape_evaluation.jpg used on input line 
438.
(pdftex.def)             Requested size: 368.57744pt x 210.35645pt.
 [34 <D:/dropBox/Dropbox/New folder/wli_final_thesis/tex/phd_thesis_template/im
ages/MOP_shape_evaluation.jpg>]
<../images/sknny_fatty_fit_body.jpeg, id=353, 1927.2pt x 1084.05pt>
File: ../images/sknny_fatty_fit_body.jpeg Graphic file (type jpg)

<use ../images/sknny_fatty_fit_body.jpeg>
Package pdftex.def Info: ../images/sknny_fatty_fit_body.jpeg used on input line
 450.
(pdftex.def)             Requested size: 368.57744pt x 207.31148pt.
 [35 <D:/dropBox/Dropbox/New folder/wli_final_thesis/tex/phd_thesis_template/im
ages/sknny_fatty_fit_body.jpeg>]
<../images/sknny_fatty_front_pattern.jpeg, id=362, 827.09pt x 585.18625pt>
File: ../images/sknny_fatty_front_pattern.jpeg Graphic file (type jpg)

<use ../images/sknny_fatty_front_pattern.jpeg>
Package pdftex.def Info: ../images/sknny_fatty_front_pattern.jpeg used on input
 line 459.
(pdftex.def)             Requested size: 368.57744pt x 260.77762pt.

<../images/sknny_fatty_fit_shirt.jpeg, id=367, 1927.2pt x 1084.05pt>
File: ../images/sknny_fatty_fit_shirt.jpeg Graphic file (type jpg)

<use ../images/sknny_fatty_fit_shirt.jpeg>
Package pdftex.def Info: ../images/sknny_fatty_fit_shirt.jpeg used on input lin
e 466.
(pdftex.def)             Requested size: 368.57744pt x 207.31148pt.
 [36 <D:/dropBox/Dropbox/New folder/wli_final_thesis/tex/phd_thesis_template/im
ages/sknny_fatty_front_pattern.jpeg>] <../images/domination.jpg, id=377, 886.31
125pt x 842.14626pt>
File: ../images/domination.jpg Graphic file (type jpg)

<use ../images/domination.jpg>
Package pdftex.def Info: ../images/domination.jpg used on input line 484.
(pdftex.def)             Requested size: 331.71744pt x 315.18727pt.
 [37 <D:/dropBox/Dropbox/New folder/wli_final_thesis/tex/phd_thesis_template/im
ages/sknny_fatty_fit_shirt.jpeg>] [38 <D:/dropBox/Dropbox/New folder/wli_final_
thesis/tex/phd_thesis_template/images/domination.jpg>] [39] [40]
<../images/pattern_and_boundingBox.jpg, id=406, 962.59625pt x 685.56125pt>
File: ../images/pattern_and_boundingBox.jpg Graphic file (type jpg)

<use ../images/pattern_and_boundingBox.jpg>
Package pdftex.def Info: ../images/pattern_and_boundingBox.jpg used on input li
ne 549.
(pdftex.def)             Requested size: 350.14743pt x 249.36476pt.
 [41]
<../images/bounding_surface.jpg, id=413, 939.51pt x 676.5275pt>
File: ../images/bounding_surface.jpg Graphic file (type jpg)

<use ../images/bounding_surface.jpg>
Package pdftex.def Info: ../images/bounding_surface.jpg used on input line 556.

(pdftex.def)             Requested size: 331.71744pt x 238.86308pt.
 [42 <D:/dropBox/Dropbox/New folder/wli_final_thesis/tex/phd_thesis_template/im
ages/pattern_and_boundingBox.jpg> <D:/dropBox/Dropbox/New folder/wli_final_thes
is/tex/phd_thesis_template/images/bounding_surface.jpg>] <../images/normal_patt
erns.jpg, id=419, 1215.54124pt x 714.67pt>
File: ../images/normal_patterns.jpg Graphic file (type jpg)

<use ../images/normal_patterns.jpg>
Package pdftex.def Info: ../images/normal_patterns.jpg used on input line 565.
(pdftex.def)             Requested size: 368.57744pt x 216.7036pt.

<../images/sewing.jpg, id=420, 1200.485pt x 685.56125pt>
File: ../images/sewing.jpg Graphic file (type jpg)

<use ../images/sewing.jpg>
Package pdftex.def Info: ../images/sewing.jpg used on input line 572.
(pdftex.def)             Requested size: 368.57744pt x 210.48193pt.
 [43 <D:/dropBox/Dropbox/New folder/wli_final_thesis/tex/phd_thesis_template/im
ages/normal_patterns.jpg> <D:/dropBox/Dropbox/New folder/wli_final_thesis/tex/p
hd_thesis_template/images/sewing.jpg>]
<../images/all_characters.jpeg, id=440, 3011.25pt x 1204.5pt>
File: ../images/all_characters.jpeg Graphic file (type jpg)

<use ../images/all_characters.jpeg>
Package pdftex.def Info: ../images/all_characters.jpeg used on input line 585.
(pdftex.def)             Requested size: 368.57744pt x 147.4193pt.
 [44]
<../images/shirt_pattern.jpg, id=454, 903.375pt x 674.52pt>
File: ../images/shirt_pattern.jpg Graphic file (type jpg)

<use ../images/shirt_pattern.jpg>
Package pdftex.def Info: ../images/shirt_pattern.jpg used on input line 594.
(pdftex.def)             Requested size: 258.00307pt x 192.6416pt.
LaTeX Font Info:    Font shape `OT1/ptm/bx/n' in size <10.95> not available
(Font)              Font shape `OT1/ptm/b/n' tried instead on input line 595.

<../images/trousers_pattern.jpg, id=455, 452.69125pt x 674.52pt>
File: ../images/trousers_pattern.jpg Graphic file (type jpg)

<use ../images/trousers_pattern.jpg>
Package pdftex.def Info: ../images/trousers_pattern.jpg used on input line 601.

(pdftex.def)             Requested size: 110.57436pt x 164.74937pt.

Overfull \hbox (4.56004pt too wide) in paragraph at lines 593--605
 [][]  [] 
 []

<../images/resultA.jpg, id=460, 1164.35pt x 937.5025pt>
File: ../images/resultA.jpg Graphic file (type jpg)

<use ../images/resultA.jpg>
Package pdftex.def Info: ../images/resultA.jpg used on input line 610.
(pdftex.def)             Requested size: 331.71744pt x 267.07654pt.
 [45 <D:/dropBox/Dropbox/New folder/wli_final_thesis/tex/phd_thesis_template/im
ages/all_characters.jpeg> <D:/dropBox/Dropbox/New folder/wli_final_thesis/tex/p
hd_thesis_template/images/shirt_pattern.jpg> <D:/dropBox/Dropbox/New folder/wli
_final_thesis/tex/phd_thesis_template/images/trousers_pattern.jpg>] <../images/
resultB.jpg, id=467, 1164.35pt x 981.6675pt>
File: ../images/resultB.jpg Graphic file (type jpg)

<use ../images/resultB.jpg>
Package pdftex.def Info: ../images/resultB.jpg used on input line 618.
(pdftex.def)             Requested size: 331.71744pt x 279.65831pt.

<../images/resultC.jpg, id=468, 1164.35pt x 1004.75375pt>
File: ../images/resultC.jpg Graphic file (type jpg)

<use ../images/resultC.jpg>
Package pdftex.def Info: ../images/resultC.jpg used on input line 626.
(pdftex.def)             Requested size: 331.71744pt x 286.23514pt.
 [46 <D:/dropBox/Dropbox/New folder/wli_final_thesis/tex/phd_thesis_template/im
ages/resultA.jpg> <D:/dropBox/Dropbox/New folder/wli_final_thesis/tex/phd_thesi
s_template/images/resultB.jpg>]
<../images/resultD.jpg, id=473, 1164.35pt x 971.63pt>
File: ../images/resultD.jpg Graphic file (type jpg)

<use ../images/resultD.jpg>
Package pdftex.def Info: ../images/resultD.jpg used on input line 634.
(pdftex.def)             Requested size: 331.71744pt x 276.79883pt.

<../images/all_characters_with_cloth.jpeg, id=474, 3011.25pt x 1204.5pt>
File: ../images/all_characters_with_cloth.jpeg Graphic file (type jpg)

<use ../images/all_characters_with_cloth.jpeg>
Package pdftex.def Info: ../images/all_characters_with_cloth.jpeg used on input
 line 708.
(pdftex.def)             Requested size: 368.57744pt x 147.4193pt.
 [47 <D:/dropBox/Dropbox/New folder/wli_final_thesis/tex/phd_thesis_template/im
ages/resultC.jpg> <D:/dropBox/Dropbox/New folder/wli_final_thesis/tex/phd_thesi
s_template/images/resultD.jpg>]
<../images/all_characters_with_cloth2.jpeg, id=479, 3011.25pt x 1204.5pt>
File: ../images/all_characters_with_cloth2.jpeg Graphic file (type jpg)

<use ../images/all_characters_with_cloth2.jpeg>
Package pdftex.def Info: ../images/all_characters_with_cloth2.jpeg used on inpu
t line 715.
(pdftex.def)             Requested size: 368.57744pt x 147.4193pt.

Underfull \hbox (badness 10000) in paragraph at lines 727--727
[]|\OT1/ptm/m/n/10.95 Evaluation
 []


Overfull \hbox (1.26349pt too wide) in paragraph at lines 729--729
[]|\OT1/ptm/m/n/10.95 Measurements| 
 []

[48 <D:/dropBox/Dropbox/New folder/wli_final_thesis/tex/phd_thesis_template/ima
ges/all_characters_with_cloth.jpeg> <D:/dropBox/Dropbox/New folder/wli_final_th
esis/tex/phd_thesis_template/images/all_characters_with_cloth2.jpeg>]
<../images/7_characters.jpg, id=486, 1927.2pt x 1084.05pt>
File: ../images/7_characters.jpg Graphic file (type jpg)

<use ../images/7_characters.jpg>
Package pdftex.def Info: ../images/7_characters.jpg used on input line 747.
(pdftex.def)             Requested size: 368.57744pt x 207.31148pt.

<../images/7_characters_dress1.jpg, id=487, 1927.2pt x 1084.05pt>
File: ../images/7_characters_dress1.jpg Graphic file (type jpg)

<use ../images/7_characters_dress1.jpg>
Package pdftex.def Info: ../images/7_characters_dress1.jpg used on input line 7
54.
(pdftex.def)             Requested size: 368.57744pt x 207.31148pt.

<../images/7_characters_dress2.jpg, id=488, 1927.2pt x 1084.05pt>
File: ../images/7_characters_dress2.jpg Graphic file (type jpg)

<use ../images/7_characters_dress2.jpg>
Package pdftex.def Info: ../images/7_characters_dress2.jpg used on input line 7
61.
(pdftex.def)             Requested size: 368.57744pt x 207.31148pt.
 [49 <D:/dropBox/Dropbox/New folder/wli_final_thesis/tex/phd_thesis_template/im
ages/7_characters.jpg> <D:/dropBox/Dropbox/New folder/wli_final_thesis/tex/phd_
thesis_template/images/7_characters_dress1.jpg>] <../images/7_characters_dress3
.jpg, id=497, 1927.2pt x 1084.05pt>
File: ../images/7_characters_dress3.jpg Graphic file (type jpg)

<use ../images/7_characters_dress3.jpg>
Package pdftex.def Info: ../images/7_characters_dress3.jpg used on input line 7
68.
(pdftex.def)             Requested size: 368.57744pt x 207.31148pt.
 [50 <D:/dropBox/Dropbox/New folder/wli_final_thesis/tex/phd_thesis_template/im
ages/7_characters_dress2.jpg> <D:/dropBox/Dropbox/New folder/wli_final_thesis/t
ex/phd_thesis_template/images/7_characters_dress3.jpg>] [51]
("D:\dropBox\Dropbox\New folder\wli_final_thesis\tex\phd_thesis_template\chapte
rs\cloth_retargeting.bbl" [52] [53

] [54]) [55]
Package atveryend Info: Empty hook `BeforeClearDocument' on input line 805.
Package atveryend Info: Empty hook `AfterLastShipout' on input line 805.

("D:\dropBox\Dropbox\New folder\wli_final_thesis\tex\phd_thesis_template\chapte
rs\cloth_retargeting.aux")
Package atveryend Info: Executing hook `AtVeryEndDocument' on input line 805.
Package atveryend Info: Empty hook `AtEndAfterFileList' on input line 805.


LaTeX Warning: There were undefined references.

Package atveryend Info: Empty hook `AtVeryVeryEnd' on input line 805.
 )
(\end occurred when \ifx on line 799 was incomplete) 
Here is how much of TeX's memory you used:
 10243 strings out of 493921
 157808 string characters out of 3144852
 246376 words of memory out of 3000000
 13181 multiletter control sequences out of 15000+200000
 28195 words of font info for 62 fonts, out of 3000000 for 9000
 841 hyphenation exceptions out of 8191
 38i,14n,43p,2511b,502s stack positions out of 5000i,500n,10000p,200000b,50000s
{d:/Program Files (x86)/MiK
TeX 2.9/fonts/enc/dvips/fontname/8r.enc}<d:/Program Files (x86)/MiKTeX 2.9/font
s/type1/public/amsfonts/cm/cmex10.pfb><d:/Program Files (x86)/MiKTeX 2.9/fonts/
type1/public/amsfonts/cm/cmmi12.pfb><d:/Program Files (x86)/MiKTeX 2.9/fonts/ty
pe1/public/amsfonts/cm/cmmi6.pfb><d:/Program Files (x86)/MiKTeX 2.9/fonts/type1
/public/amsfonts/cm/cmmi8.pfb><d:/Program Files (x86)/MiKTeX 2.9/fonts/type1/pu
blic/amsfonts/cm/cmr12.pfb><d:/Program Files (x86)/MiKTeX 2.9/fonts/type1/publi
c/amsfonts/cm/cmr6.pfb><d:/Program Files (x86)/MiKTeX 2.9/fonts/type1/public/am
sfonts/cm/cmr8.pfb><d:/Program Files (x86)/MiKTeX 2.9/fonts/type1/public/amsfon
ts/cm/cmsy10.pfb><d:/Program Files (x86)/MiKTeX 2.9/fonts/type1/public/amsfonts
/cm/cmsy6.pfb><d:/Program Files (x86)/MiKTeX 2.9/fonts/type1/public/amsfonts/cm
/cmsy8.pfb><d:/Program Files (x86)/MiKTeX 2.9/fonts/type1/urw/times/utmb8a.pfb>
<d:/Program Files (x86)/MiKTeX 2.9/fonts/type1/urw/times/utmr8a.pfb><d:/Program
 Files (x86)/MiKTeX 2.9/fonts/type1/urw/times/utmri8a.pfb>
Output written on cloth_retargeting.pdf (55 pages, 13907082 bytes).
PDF statistics:
 639 PDF objects out of 1000 (max. 8388607)
 148 named destinations out of 1000 (max. 500000)
 277 words of extra memory for PDF output out of 10000 (max. 10000000)

