This is pdfTeX, Version 3.1415926-2.4-1.40.13 (MiKTeX 2.9) (preloaded format=pdflatex 2013.5.4)  13 MAY 2014 01:39
entering extended mode
**geodesic.tex

("F:\dropbox\Dropbox\New folder\wli_final_thesis\tex\phd_thesis_template\chapte
rs\geodesic.tex"
LaTeX2e <2011/06/27>
Babel <v3.8m> and hyphenation patterns for english, afrikaans, ancientgreek, ar
abic, armenian, assamese, basque, bengali, bokmal, bulgarian, catalan, coptic, 
croatian, czech, danish, dutch, esperanto, estonian, farsi, finnish, french, ga
lician, german, german-x-2012-05-30, greek, gujarati, hindi, hungarian, iceland
ic, indonesian, interlingua, irish, italian, kannada, kurmanji, latin, latvian,
 lithuanian, malayalam, marathi, mongolian, mongolianlmc, monogreek, ngerman, n
german-x-2012-05-30, nynorsk, oriya, panjabi, pinyin, polish, portuguese, roman
ian, russian, sanskrit, serbian, slovak, slovenian, spanish, swedish, swissgerm
an, tamil, telugu, turkish, turkmen, ukenglish, ukrainian, uppersorbian, usengl
ishmax, welsh, loaded.

("F:\dropbox\Dropbox\New folder\wli_final_thesis\tex\phd_thesis_template\format
\format-setup.tex" ("f:\Program Files (x86)\MiKTeX 2.9\tex\latex\base\report.cl
s"
Document Class: report 2007/10/19 v1.4h Standard LaTeX document class
("f:\Program Files (x86)\MiKTeX 2.9\tex\latex\base\size12.clo"
File: size12.clo 2007/10/19 v1.4h Standard LaTeX file (size option)
)
\c@part=\count79
\c@chapter=\count80
\c@section=\count81
\c@subsection=\count82
\c@subsubsection=\count83
\c@paragraph=\count84
\c@subparagraph=\count85
\c@figure=\count86
\c@table=\count87
\abovecaptionskip=\skip41
\belowcaptionskip=\skip42
\bibindent=\dimen102
)
("f:\Program Files (x86)\MiKTeX 2.9\tex\latex\geometry\geometry.sty"
Package: geometry 2010/09/12 v5.6 Page Geometry

("f:\Program Files (x86)\MiKTeX 2.9\tex\latex\graphics\keyval.sty"
Package: keyval 1999/03/16 v1.13 key=value parser (DPC)
\KV@toks@=\toks14
)
("f:\Program Files (x86)\MiKTeX 2.9\tex\generic\oberdiek\ifpdf.sty"
Package: ifpdf 2011/01/30 v2.3 Provides the ifpdf switch (HO)
Package ifpdf Info: pdfTeX in PDF mode is detected.
)
("f:\Program Files (x86)\MiKTeX 2.9\tex\generic\oberdiek\ifvtex.sty"
Package: ifvtex 2010/03/01 v1.5 Detect VTeX and its facilities (HO)
Package ifvtex Info: VTeX not detected.
)
("f:\Program Files (x86)\MiKTeX 2.9\tex\generic\ifxetex\ifxetex.sty"
Package: ifxetex 2010/09/12 v0.6 Provides ifxetex conditional
)
\Gm@cnth=\count88
\Gm@cntv=\count89
\c@Gm@tempcnt=\count90
\Gm@bindingoffset=\dimen103
\Gm@wd@mp=\dimen104
\Gm@odd@mp=\dimen105
\Gm@even@mp=\dimen106
\Gm@layoutwidth=\dimen107
\Gm@layoutheight=\dimen108
\Gm@layouthoffset=\dimen109
\Gm@layoutvoffset=\dimen110
\Gm@dimlist=\toks15

("f:\Program Files (x86)\MiKTeX 2.9\tex\latex\geometry\geometry.cfg"))
("f:\Program Files (x86)\MiKTeX 2.9\tex\latex\psnfss\times.sty"
Package: times 2005/04/12 PSNFSS-v9.2a (SPQR) 
)
(C:\Users\wenxi.wenxi-PC.000\AppData\Roaming\MiKTeX\2.9\tex\latex\caption\capti
on.sty
Package: caption 2013/04/14 v3.3-73 Customizing captions (AR)

(C:\Users\wenxi.wenxi-PC.000\AppData\Roaming\MiKTeX\2.9\tex\latex\caption\capti
on3.sty
Package: caption3 2013/04/14 v1.5-71 caption3 kernel (AR)
\captionmargin=\dimen111
\captionmargin@=\dimen112
\captionwidth=\dimen113
\caption@tempdima=\dimen114
\caption@indent=\dimen115
\caption@parindent=\dimen116
\caption@hangindent=\dimen117
)
\c@ContinuedFloat=\count91
)
(C:\Users\wenxi.wenxi-PC.000\AppData\Roaming\MiKTeX\2.9\tex\latex\footmisc\foot
misc.sty
Package: footmisc 2011/06/06 v5.5b a miscellany of footnote facilities
\FN@temptoken=\toks16
\footnotemargin=\dimen118
\c@pp@next@reset=\count92
Package footmisc Info: Declaring symbol style bringhurst on input line 855.
Package footmisc Info: Declaring symbol style chicago on input line 863.
Package footmisc Info: Declaring symbol style wiley on input line 872.
Package footmisc Info: Declaring symbol style lamport-robust on input line 883.

Package footmisc Info: Declaring symbol style lamport* on input line 903.
Package footmisc Info: Declaring symbol style lamport*-robust on input line 924
.
) ("f:\Program Files (x86)\MiKTeX 2.9\tex\latex\hyperref\hyperref.sty"
Package: hyperref 2012/11/06 v6.83m Hypertext links for LaTeX

("f:\Program Files (x86)\MiKTeX 2.9\tex\generic\oberdiek\hobsub-hyperref.sty"
Package: hobsub-hyperref 2012/04/25 v1.12 Bundle oberdiek, subset hyperref (HO)


("f:\Program Files (x86)\MiKTeX 2.9\tex\generic\oberdiek\hobsub-generic.sty"
Package: hobsub-generic 2012/04/25 v1.12 Bundle oberdiek, subset generic (HO)
Package: hobsub 2012/04/25 v1.12 Construct package bundles (HO)
Package: infwarerr 2010/04/08 v1.3 Providing info/warning/error messages (HO)
Package: ltxcmds 2011/11/09 v1.22 LaTeX kernel commands for general use (HO)
Package: ifluatex 2010/03/01 v1.3 Provides the ifluatex switch (HO)
Package ifluatex Info: LuaTeX not detected.
Package hobsub Info: Skipping package `ifvtex' (already loaded).
Package: intcalc 2007/09/27 v1.1 Expandable calculations with integers (HO)
Package hobsub Info: Skipping package `ifpdf' (already loaded).
Package: etexcmds 2011/02/16 v1.5 Avoid name clashes with e-TeX commands (HO)
Package etexcmds Info: Could not find \expanded.
(etexcmds)             That can mean that you are not using pdfTeX 1.50 or
(etexcmds)             that some package has redefined \expanded.
(etexcmds)             In the latter case, load this package earlier.
Package: kvsetkeys 2012/04/25 v1.16 Key value parser (HO)
Package: kvdefinekeys 2011/04/07 v1.3 Define keys (HO)
Package: pdftexcmds 2011/11/29 v0.20 Utility functions of pdfTeX for LuaTeX (HO
)
Package pdftexcmds Info: LuaTeX not detected.
Package pdftexcmds Info: \pdf@primitive is available.
Package pdftexcmds Info: \pdf@ifprimitive is available.
Package pdftexcmds Info: \pdfdraftmode found.
Package: pdfescape 2011/11/25 v1.13 Implements pdfTeX's escape features (HO)
Package: bigintcalc 2012/04/08 v1.3 Expandable calculations on big integers (HO
)
Package: bitset 2011/01/30 v1.1 Handle bit-vector datatype (HO)
Package: uniquecounter 2011/01/30 v1.2 Provide unlimited unique counter (HO)
)
Package hobsub Info: Skipping package `hobsub' (already loaded).
Package: letltxmacro 2010/09/02 v1.4 Let assignment for LaTeX macros (HO)
Package: hopatch 2011/06/24 v1.1 Wrapper for package hooks (HO)
Package: xcolor-patch 2011/01/30 xcolor patch
Package: atveryend 2011/06/30 v1.8 Hooks at the very end of document (HO)
Package atveryend Info: \enddocument detected (standard20110627).
Package: atbegshi 2011/10/05 v1.16 At begin shipout hook (HO)
Package: refcount 2011/10/16 v3.4 Data extraction from label references (HO)
Package: hycolor 2011/01/30 v1.7 Color options for hyperref/bookmark (HO)
)
("f:\Program Files (x86)\MiKTeX 2.9\tex\latex\oberdiek\auxhook.sty"
Package: auxhook 2011/03/04 v1.3 Hooks for auxiliary files (HO)
)
("f:\Program Files (x86)\MiKTeX 2.9\tex\latex\oberdiek\kvoptions.sty"
Package: kvoptions 2011/06/30 v3.11 Key value format for package options (HO)
)
\@linkdim=\dimen119
\Hy@linkcounter=\count93
\Hy@pagecounter=\count94

("f:\Program Files (x86)\MiKTeX 2.9\tex\latex\hyperref\pd1enc.def"
File: pd1enc.def 2012/11/06 v6.83m Hyperref: PDFDocEncoding definition (HO)
)
\Hy@SavedSpaceFactor=\count95

("f:\Program Files (x86)\MiKTeX 2.9\tex\latex\00miktex\hyperref.cfg"
File: hyperref.cfg 2002/06/06 v1.2 hyperref configuration of TeXLive
)
Package hyperref Info: Hyper figures OFF on input line 4443.
Package hyperref Info: Link nesting OFF on input line 4448.
Package hyperref Info: Hyper index ON on input line 4451.
Package hyperref Info: Plain pages OFF on input line 4458.
Package hyperref Info: Backreferencing OFF on input line 4463.
Package hyperref Info: Implicit mode ON; LaTeX internals redefined.
Package hyperref Info: Bookmarks ON on input line 4688.
\c@Hy@tempcnt=\count96

("f:\Program Files (x86)\MiKTeX 2.9\tex\latex\ltxmisc\url.sty"
\Urlmuskip=\muskip10
Package: url 2006/04/12  ver 3.3  Verb mode for urls, etc.
)
LaTeX Info: Redefining \url on input line 5041.
\XeTeXLinkMargin=\dimen120
\Fld@menulength=\count97
\Field@Width=\dimen121
\Fld@charsize=\dimen122
Package hyperref Info: Hyper figures OFF on input line 6295.
Package hyperref Info: Link nesting OFF on input line 6300.
Package hyperref Info: Hyper index ON on input line 6303.
Package hyperref Info: backreferencing OFF on input line 6310.
Package hyperref Info: Link coloring OFF on input line 6315.
Package hyperref Info: Link coloring with OCG OFF on input line 6320.
Package hyperref Info: PDF/A mode OFF on input line 6325.
LaTeX Info: Redefining \ref on input line 6365.
LaTeX Info: Redefining \pageref on input line 6369.
\Hy@abspage=\count98
\c@Item=\count99
\c@Hfootnote=\count100
)

Package hyperref Message: Driver (autodetected): hpdftex.

("f:\Program Files (x86)\MiKTeX 2.9\tex\latex\hyperref\hpdftex.def"
File: hpdftex.def 2012/11/06 v6.83m Hyperref driver for pdfTeX
\Fld@listcount=\count101
\c@bookmark@seq@number=\count102

("f:\Program Files (x86)\MiKTeX 2.9\tex\latex\oberdiek\rerunfilecheck.sty"
Package: rerunfilecheck 2011/04/15 v1.7 Rerun checks for auxiliary files (HO)
Package uniquecounter Info: New unique counter `rerunfilecheck' on input line 2
82.
)
\Hy@SectionHShift=\skip43
)
("f:\Program Files (x86)\MiKTeX 2.9\tex\latex\oberdiek\bookmark.sty"
Package: bookmark 2011/12/02 v1.24 PDF bookmarks (HO)

("f:\Program Files (x86)\MiKTeX 2.9\tex\latex\oberdiek\bkm-pdftex.def"
File: bkm-pdftex.def 2011/12/02 v1.24 bookmark driver for pdfTeX (HO)
\BKM@id=\count103
))
(C:\Users\wenxi.wenxi-PC.000\AppData\Roaming\MiKTeX\2.9\tex\latex\fancyhdr\fanc
yhdr.sty
\fancy@headwidth=\skip44
\f@ncyO@elh=\skip45
\f@ncyO@erh=\skip46
\f@ncyO@olh=\skip47
\f@ncyO@orh=\skip48
\f@ncyO@elf=\skip49
\f@ncyO@erf=\skip50
\f@ncyO@olf=\skip51
\f@ncyO@orf=\skip52
) ("f:\Program Files (x86)\MiKTeX 2.9\tex\latex\graphics\graphicx.sty"
Package: graphicx 1999/02/16 v1.0f Enhanced LaTeX Graphics (DPC,SPQR)

("f:\Program Files (x86)\MiKTeX 2.9\tex\latex\graphics\graphics.sty"
Package: graphics 2009/02/05 v1.0o Standard LaTeX Graphics (DPC,SPQR)

("f:\Program Files (x86)\MiKTeX 2.9\tex\latex\graphics\trig.sty"
Package: trig 1999/03/16 v1.09 sin cos tan (DPC)
)
("f:\Program Files (x86)\MiKTeX 2.9\tex\latex\00miktex\graphics.cfg"
File: graphics.cfg 2007/01/18 v1.5 graphics configuration of teTeX/TeXLive
)
Package graphics Info: Driver file: pdftex.def on input line 91.

("f:\Program Files (x86)\MiKTeX 2.9\tex\latex\pdftex-def\pdftex.def"
File: pdftex.def 2011/05/27 v0.06d Graphics/color for pdfTeX
\Gread@gobject=\count104
))
\Gin@req@height=\dimen123
\Gin@req@width=\dimen124
)
("f:\Program Files (x86)\MiKTeX 2.9\tex\latex\ltxmisc\parskip.sty"
Package: parskip 2001/04/09 non-zero parskip adjustments
)
(C:\Users\wenxi.wenxi-PC.000\AppData\Roaming\MiKTeX\2.9\tex\latex\tocloft\toclo
ft.sty
Package: tocloft 2013/05/02 v2.3f parameterised ToC, etc., typesetting
Package tocloft Info: The document has chapter divisions on input line 44.
\cftparskip=\skip53
\cftbeforetoctitleskip=\skip54
\cftaftertoctitleskip=\skip55
\cftbeforepartskip=\skip56
\cftpartnumwidth=\skip57
\cftpartindent=\skip58
\cftbeforechapskip=\skip59
\cftchapindent=\skip60
\cftchapnumwidth=\skip61
\cftbeforesecskip=\skip62
\cftsecindent=\skip63
\cftsecnumwidth=\skip64
\cftbeforesubsecskip=\skip65
\cftsubsecindent=\skip66
\cftsubsecnumwidth=\skip67
\cftbeforesubsubsecskip=\skip68
\cftsubsubsecindent=\skip69
\cftsubsubsecnumwidth=\skip70
\cftbeforeparaskip=\skip71
\cftparaindent=\skip72
\cftparanumwidth=\skip73
\cftbeforesubparaskip=\skip74
\cftsubparaindent=\skip75
\cftsubparanumwidth=\skip76
\cftbeforeloftitleskip=\skip77
\cftafterloftitleskip=\skip78
\cftbeforefigskip=\skip79
\cftfigindent=\skip80
\cftfignumwidth=\skip81
\c@lofdepth=\count105
\c@lotdepth=\count106
\cftbeforelottitleskip=\skip82
\cftafterlottitleskip=\skip83
\cftbeforetabskip=\skip84
\cfttabindent=\skip85
\cfttabnumwidth=\skip86
) ("f:\Program Files (x86)\MiKTeX 2.9\tex\latex\tools\array.sty"
Package: array 2008/09/09 v2.4c Tabular extension package (FMi)
\col@sep=\dimen125
\extrarowheight=\dimen126
\NC@list=\toks17
\extratabsurround=\skip87
\backup@length=\skip88
)
("f:\Program Files (x86)\MiKTeX 2.9\tex\latex\tools\longtable.sty"
Package: longtable 2004/02/01 v4.11 Multi-page Table package (DPC)
\LTleft=\skip89
\LTright=\skip90
\LTpre=\skip91
\LTpost=\skip92
\LTchunksize=\count107
\LTcapwidth=\dimen127
\LT@head=\box26
\LT@firsthead=\box27
\LT@foot=\box28
\LT@lastfoot=\box29
\LT@cols=\count108
\LT@rows=\count109
\c@LT@tables=\count110
\c@LT@chunks=\count111
\LT@p@ftn=\toks18
)
(C:\Users\wenxi.wenxi-PC.000\AppData\Roaming\MiKTeX\2.9\tex\latex\wrapfig\wrapf
ig.sty
\wrapoverhang=\dimen128
\WF@size=\dimen129
\c@WF@wrappedlines=\count112
\WF@box=\box30
\WF@everypar=\toks19
Package: wrapfig 2003/01/31  v 3.6
)
(C:\Users\wenxi.wenxi-PC.000\AppData\Roaming\MiKTeX\2.9\tex\latex\caption\subca
ption.sty
Package: subcaption 2013/02/03 v1.1-62 Sub-captions (AR)
\c@subfigure=\count113
\c@subtable=\count114
) ("f:\Program Files (x86)\MiKTeX 2.9\tex\latex\graphics\color.sty"
Package: color 2005/11/14 v1.0j Standard LaTeX Color (DPC)

("f:\Program Files (x86)\MiKTeX 2.9\tex\latex\00miktex\color.cfg"
File: color.cfg 2007/01/18 v1.5 color configuration of teTeX/TeXLive
)
Package color Info: Driver file: pdftex.def on input line 130.
)
(C:\Users\wenxi.wenxi-PC.000\AppData\Roaming\MiKTeX\2.9\tex\latex\setspace\sets
pace.sty
Package: setspace 2011/12/19 v6.7a set line spacing
) ("f:\Program Files (x86)\MiKTeX 2.9\tex\latex\multirow\multirow.sty"
\bigstrutjot=\dimen130
) ("f:\Program Files (x86)\MiKTeX 2.9\tex\latex\amsmath\amsmath.sty"
Package: amsmath 2013/01/14 v2.14 AMS math features
\@mathmargin=\skip93

For additional information on amsmath, use the `?' option.
("f:\Program Files (x86)\MiKTeX 2.9\tex\latex\amsmath\amstext.sty"
Package: amstext 2000/06/29 v2.01

("f:\Program Files (x86)\MiKTeX 2.9\tex\latex\amsmath\amsgen.sty"
File: amsgen.sty 1999/11/30 v2.0
\@emptytoks=\toks20
\ex@=\dimen131
))
("f:\Program Files (x86)\MiKTeX 2.9\tex\latex\amsmath\amsbsy.sty"
Package: amsbsy 1999/11/29 v1.2d
\pmbraise@=\dimen132
)
("f:\Program Files (x86)\MiKTeX 2.9\tex\latex\amsmath\amsopn.sty"
Package: amsopn 1999/12/14 v2.01 operator names
)
\inf@bad=\count115
LaTeX Info: Redefining \frac on input line 210.
\uproot@=\count116
\leftroot@=\count117
LaTeX Info: Redefining \overline on input line 306.
\classnum@=\count118
\DOTSCASE@=\count119
LaTeX Info: Redefining \ldots on input line 378.
LaTeX Info: Redefining \dots on input line 381.
LaTeX Info: Redefining \cdots on input line 466.
\Mathstrutbox@=\box31
\strutbox@=\box32
\big@size=\dimen133
LaTeX Font Info:    Redeclaring font encoding OML on input line 566.
LaTeX Font Info:    Redeclaring font encoding OMS on input line 567.
\macc@depth=\count120
\c@MaxMatrixCols=\count121
\dotsspace@=\muskip11
\c@parentequation=\count122
\dspbrk@lvl=\count123
\tag@help=\toks21
\row@=\count124
\column@=\count125
\maxfields@=\count126
\andhelp@=\toks22
\eqnshift@=\dimen134
\alignsep@=\dimen135
\tagshift@=\dimen136
\tagwidth@=\dimen137
\totwidth@=\dimen138
\lineht@=\dimen139
\@envbody=\toks23
\multlinegap=\skip94
\multlinetaggap=\skip95
\mathdisplay@stack=\toks24
LaTeX Info: Redefining \[ on input line 2665.
LaTeX Info: Redefining \] on input line 2666.
)
("f:\Program Files (x86)\MiKTeX 2.9\tex\latex\amsfonts\amsfonts.sty"
Package: amsfonts 2013/01/14 v3.01 Basic AMSFonts support
\symAMSa=\mathgroup4
\symAMSb=\mathgroup5
LaTeX Font Info:    Overwriting math alphabet `\mathfrak' in version `bold'
(Font)                  U/euf/m/n --> U/euf/b/n on input line 106.
)
("f:\Program Files (x86)\MiKTeX 2.9\tex\latex\base\alltt.sty"
Package: alltt 1997/06/16 v2.0g defines alltt environment
)
(C:\Users\wenxi.wenxi-PC.000\AppData\Roaming\MiKTeX\2.9\tex\latex\algorithmicx\
algorithmicx.sty
Package: algorithmicx 2005/04/27 v1.2 Algorithmicx
 ("f:\Program Files (x86)\MiKTeX 2.9\tex\latex\base\ifthen.sty"
Package: ifthen 2001/05/26 v1.1c Standard LaTeX ifthen package (DPC)
)
Document Style algorithmicx 1.2 - a greatly improved `algorithmic' style
\c@ALG@line=\count127
\c@ALG@rem=\count128
\c@ALG@nested=\count129
\ALG@tlm=\skip96
\ALG@thistlm=\skip97
\c@ALG@Lnr=\count130
\c@ALG@blocknr=\count131
\c@ALG@storecount=\count132
\c@ALG@tmpcounter=\count133
\ALG@tmplength=\skip98
)
(C:\Users\wenxi.wenxi-PC.000\AppData\Roaming\MiKTeX\2.9\tex\latex\algorithms\al
gorithm.sty
Package: algorithm 2009/08/24 v0.1 Document Style `algorithm' - floating enviro
nment
 ("f:\Program Files (x86)\MiKTeX 2.9\tex\latex\float\float.sty"
Package: float 2001/11/08 v1.3d Float enhancements (AL)
\c@float@type=\count134
\float@exts=\toks25
\float@box=\box33
\@float@everytoks=\toks26
\@floatcapt=\box34
)
\@float@every@algorithm=\toks27
\c@algorithm=\count135
)
(C:\Users\wenxi.wenxi-PC.000\AppData\Roaming\MiKTeX\2.9\tex\latex\algorithmicx\
algpascal.sty
Package: algpascal 

Document Style - pascal environments for the `algorithmicx' style
)
(C:\Users\wenxi.wenxi-PC.000\AppData\Roaming\MiKTeX\2.9\tex\latex\algorithmicx\
algc.sty
Package: algc 

Document Style - c/c++ environments for use with the `algorithmicx' style
)
(C:\Users\wenxi.wenxi-PC.000\AppData\Roaming\MiKTeX\2.9\tex\latex\algorithmicx\
algcompatible.sty
Package: algcompatible 

Document Style - algorithmic compatible environments for the `algorithmicx' sty
le
)
(C:\Users\wenxi.wenxi-PC.000\AppData\Roaming\MiKTeX\2.9\tex\latex\algorithmicx\
algpseudocode.sty
Package: algpseudocode 

Document Style - pseudocode environments for use with the `algorithmicx' style
)
(C:\Users\wenxi.wenxi-PC.000\AppData\Roaming\MiKTeX\2.9\tex\latex\linegoal\line
goal.sty
Package: linegoal 2011/02/25 v2.9 - Measuring the remaining width of the line
 ("f:\Program Files (x86)\MiKTeX 2.9\tex\latex\misc\etex.sty"
Package: etex 1998/03/26 v2.0 eTeX basic definition package (PEB)
\et@xins=\count136
)
("f:\Program Files (x86)\MiKTeX 2.9\tex\latex\oberdiek\zref.sty"
Package: zref 2012/04/04 v2.24 A new reference scheme for LaTeX (HO)

("f:\Program Files (x86)\MiKTeX 2.9\tex\latex\oberdiek\zref-base.sty"
Package: zref-base 2012/04/04 v2.24 Module base for zref (HO)
Package zref Info: New property list: main on input line 759.
Package zref Info: New property: default on input line 760.
Package zref Info: New property: page on input line 761.
))
("f:\Program Files (x86)\MiKTeX 2.9\tex\latex\oberdiek\zref-savepos.sty"
Package: zref-savepos 2012/04/04 v2.24 Module savepos for zref (HO)
Package zref Info: New property list: savepos on input line 75.
Package zref Info: New property: posx on input line 76.
Package zref Info: New property: posy on input line 77.
)
Package zref Info: New property: linegoal on input line 39.
\LNGL@unique=\count277
\LNGL@tempdim=\dimen256
)
(C:\Users\wenxi.wenxi-PC.000\AppData\Roaming\MiKTeX\2.9\tex\latex\natbib\natbib
.sty
Package: natbib 2010/09/13 8.31b (PWD, AO)
\bibhang=\skip99
\bibsep=\skip100
LaTeX Info: Redefining \cite on input line 694.
\c@NAT@ctr=\count137
))
("F:\dropbox\Dropbox\New folder\wli_final_thesis\tex\phd_thesis_template\chapte
rs\geodesic.aux")
LaTeX Font Info:    Checking defaults for OML/cmm/m/it on input line 5.
LaTeX Font Info:    ... okay on input line 5.
LaTeX Font Info:    Checking defaults for T1/cmr/m/n on input line 5.
LaTeX Font Info:    ... okay on input line 5.
LaTeX Font Info:    Checking defaults for OT1/cmr/m/n on input line 5.
LaTeX Font Info:    ... okay on input line 5.
LaTeX Font Info:    Checking defaults for OMS/cmsy/m/n on input line 5.
LaTeX Font Info:    ... okay on input line 5.
LaTeX Font Info:    Checking defaults for OMX/cmex/m/n on input line 5.
LaTeX Font Info:    ... okay on input line 5.
LaTeX Font Info:    Checking defaults for U/cmr/m/n on input line 5.
LaTeX Font Info:    ... okay on input line 5.
LaTeX Font Info:    Checking defaults for PD1/pdf/m/n on input line 5.
LaTeX Font Info:    ... okay on input line 5.
LaTeX Font Info:    Try loading font information for OT1+ptm on input line 5.
 ("f:\Program Files (x86)\MiKTeX 2.9\tex\latex\psnfss\ot1ptm.fd"
File: ot1ptm.fd 2001/06/04 font definitions for OT1/ptm.
)
*geometry* driver: auto-detecting
*geometry* detected driver: pdftex
*geometry* verbose mode - [ preamble ] result:
* driver: pdftex
* paper: a4paper
* layout: <same size as paper>
* layoutoffset:(h,v)=(0.0pt,0.0pt)
* modes: 
* h-part:(L,W,R)=(144.54pt, 381.836pt, 71.13188pt)
* v-part:(T,H,B)=(101.40665pt, 672.50832pt, 71.13188pt)
* \paperwidth=597.50787pt
* \paperheight=845.04684pt
* \textwidth=368.57744pt
* \textheight=650.43pt
* \oddsidemargin=72.27pt
* \evensidemargin=72.27pt
* \topmargin=-14.45377pt
* \headheight=12.0pt
* \headsep=25.0pt
* \topskip=12.0pt
* \footskip=30.0pt
* \marginparwidth=35.0pt
* \marginparsep=10.0pt
* \columnsep=10.0pt
* \skip\footins=10.8pt plus 4.0pt minus 2.0pt
* \hoffset=0.0pt
* \voffset=0.0pt
* \mag=1000
* \@twocolumnfalse
* \@twosidefalse
* \@mparswitchfalse
* \@reversemarginfalse
* (1in=72.27pt=25.4mm, 1cm=28.453pt)

Package caption Info: Begin \AtBeginDocument code.
Package caption Info: float package is loaded.
Package caption Info: hyperref package is loaded.
Package caption Info: longtable package is loaded.

(C:\Users\wenxi.wenxi-PC.000\AppData\Roaming\MiKTeX\2.9\tex\latex\caption\ltcap
tion.sty
Package: ltcaption 2013/02/03 v1.3-62 longtable captions (AR)
)
Package caption Info: wrapfig package is loaded.
Package caption Info: End \AtBeginDocument code.
\AtBeginShipoutBox=\box35
Package hyperref Info: Link coloring OFF on input line 5.
 ("f:\Program Files (x86)\MiKTeX 2.9\tex\latex\hyperref\nameref.sty"
Package: nameref 2012/10/27 v2.43 Cross-referencing by name of section

("f:\Program Files (x86)\MiKTeX 2.9\tex\generic\oberdiek\gettitlestring.sty"
Package: gettitlestring 2010/12/03 v1.4 Cleanup title references (HO)
)
\c@section@level=\count138
)
LaTeX Info: Redefining \ref on input line 5.
LaTeX Info: Redefining \pageref on input line 5.
LaTeX Info: Redefining \nameref on input line 5.

(C:\Users\wenxi.wenxi-PC.000\AppData\Roaming\MiKTeX\2.9\tex\context\base\supp-p
df.mkii
[Loading MPS to PDF converter (version 2006.09.02).]
\scratchcounter=\count139
\scratchdimen=\dimen140
\scratchbox=\box36
\nofMPsegments=\count140
\nofMParguments=\count141
\everyMPshowfont=\toks28
\MPscratchCnt=\count142
\MPscratchDim=\dimen141
\MPnumerator=\count143
\makeMPintoPDFobject=\count144
\everyMPtoPDFconversion=\toks29
)
Chapter 1.
LaTeX Font Info:    Font shape `OT1/ptm/bx/n' in size <24.88> not available
(Font)              Font shape `OT1/ptm/b/n' tried instead on input line 12.
LaTeX Font Info:    Try loading font information for U+msa on input line 23.
("f:\Program Files (x86)\MiKTeX 2.9\tex\latex\amsfonts\umsa.fd"
File: umsa.fd 2013/01/14 v3.01 AMS symbols A
)
LaTeX Font Info:    Try loading font information for U+msb on input line 23.

("f:\Program Files (x86)\MiKTeX 2.9\tex\latex\amsfonts\umsb.fd"
File: umsb.fd 2013/01/14 v3.01 AMS symbols B
)
LaTeX Font Info:    Font shape `OT1/ptm/bx/n' in size <12> not available
(Font)              Font shape `OT1/ptm/b/n' tried instead on input line 28.

Overfull \vbox (10.31467pt too high) detected at line 28
 []


Underfull \hbox (badness 1226) in paragraph at lines 31--32
[]|\OT1/ptm/m/n/12 The hor-i-zon-tal girth passed over the shoul-der
 []


Overfull \vbox (65.14076pt too high) detected at line 44
 []


Underfull \hbox (badness 10000) in paragraph at lines 60--60
[]|\OT1/ptm/m/n/12 Inside-Leg
 []


Overfull \hbox (10.45558pt too wide) in paragraph at lines 23--62
 [][] 
 []

[1


{C:/Users/wenxi.wenxi-PC.000/AppData/Local/MiKTeX/2.9/pdftex/config/pdftex.map}
] <../images/body_datum.jpg, id=25, 380.403pt x 496.035pt>
File: ../images/body_datum.jpg Graphic file (type jpg)

<use ../images/body_datum.jpg>
Package pdftex.def Info: ../images/body_datum.jpg used on input line 71.
(pdftex.def)             Requested size: 368.57744pt x 480.64626pt.

Underfull \hbox (badness 10000) in paragraph at lines 71--72

 []

[2] [3 <F:/dropbox/Dropbox/New folder/wli_final_thesis/tex/phd_thesis_template/
images/body_datum.jpg>]
<../images/character_circumference.jpg, id=48, 921.4425pt x 791.95876pt>
File: ../images/character_circumference.jpg Graphic file (type jpg)

<use ../images/character_circumference.jpg>
Package pdftex.def Info: ../images/character_circumference.jpg used on input li
ne 80.
(pdftex.def)             Requested size: 368.57744pt x 316.7779pt.

Underfull \hbox (badness 10000) in paragraph at lines 80--81

 []

[4 <F:/dropbox/Dropbox/New folder/wli_final_thesis/tex/phd_thesis_template/imag
es/character_circumference.jpg>] [5]
<../images/geodesic_image/straight_arm_posture.jpg, id=63, 1099.10625pt x 825.0
825pt>
File: ../images/geodesic_image/straight_arm_posture.jpg Graphic file (type jpg)

 <use ../images/geodesic_image/straight_arm_posture.jpg>
Package pdftex.def Info: ../images/geodesic_image/straight_arm_posture.jpg used
 on input line 96.
(pdftex.def)             Requested size: 184.28871pt x 138.33594pt.
LaTeX Font Info:    Font shape `OT1/ptm/bx/n' in size <10.95> not available
(Font)              Font shape `OT1/ptm/b/n' tried instead on input line 97.

<../images/geodesic_image/bend_arm_posture.jpg, id=64, 1114.1625pt x 837.1275pt
>
File: ../images/geodesic_image/bend_arm_posture.jpg Graphic file (type jpg)
 <use ../images/geodesic_image/bend_arm_posture.jpg>
Package pdftex.def Info: ../images/geodesic_image/bend_arm_posture.jpg used on 
input line 102.
(pdftex.def)             Requested size: 184.28871pt x 138.46495pt.

Overfull \hbox (4.56004pt too wide) in paragraph at lines 95--106
 [][]  [] 
 []


Overfull \hbox (7.99097pt too wide) in paragraph at lines 112--113
\OT1/ptm/m/n/12 many ap-pli-ca-tions, such as sur-face flat-ten-ing([]Zigelman 
et al.[] []2002[]) and remesh-
 []

[6 <F:/dropbox/Dropbox/New folder/wli_final_thesis/tex/phd_thesis_template/imag
es/geodesic_image/straight_arm_posture.jpg> <F:/dropbox/Dropbox/New folder/wli_
final_thesis/tex/phd_thesis_template/images/geodesic_image/bend_arm_posture.jpg
>]
LaTeX Font Info:    Font shape `OT1/ptm/bx/n' in size <17.28> not available
(Font)              Font shape `OT1/ptm/b/n' tried instead on input line 117.
 <../images/geodesic_smoothSurfDef.jpg, id=80, 1147.28625pt x 761.84625pt>
File: ../images/geodesic_smoothSurfDef.jpg Graphic file (type jpg)

<use ../images/geodesic_smoothSurfDef.jpg>
Package pdftex.def Info: ../images/geodesic_smoothSurfDef.jpg used on input lin
e 122.
(pdftex.def)             Requested size: 368.57744pt x 244.74901pt.

Underfull \hbox (badness 10000) in paragraph at lines 122--123

 []

[7 <F:/dropbox/Dropbox/New folder/wli_final_thesis/tex/phd_thesis_template/imag
es/geodesic_smoothSurfDef.jpg>]
\c@geodesic_def=\count145

<../images/vertex_type.jpg, id=95, 1099.10625pt x 677.53125pt>
File: ../images/vertex_type.jpg Graphic file (type jpg)

<use ../images/vertex_type.jpg>
Package pdftex.def Info: ../images/vertex_type.jpg used on input line 156.
(pdftex.def)             Requested size: 368.57744pt x 227.20439pt.

Underfull \hbox (badness 10000) in paragraph at lines 156--157

 []

[8] <../images/geodesic_polyDef_2.jpg, id=115, 882.29625pt x 337.26pt>
File: ../images/geodesic_polyDef_2.jpg Graphic file (type jpg)

<use ../images/geodesic_polyDef_2.jpg>
Package pdftex.def Info: ../images/geodesic_polyDef_2.jpg used on input line 17
0.
(pdftex.def)             Requested size: 368.57744pt x 140.8866pt.

Underfull \hbox (badness 10000) in paragraph at lines 170--171

 []

[9 <F:/dropbox/Dropbox/New folder/wli_final_thesis/tex/phd_thesis_template/imag
es/vertex_type.jpg>]
Overfull \hbox (4.48845pt too wide) in paragraph at lines 184--185
[]\OT1/ptm/m/n/12 In the fol-low-ing sec-tions, a novel geodesic cur-va-ture fl
ow based geodesic
 []


Overfull \hbox (20.14589pt too wide) in paragraph at lines 188--189
[]\OT1/ptm/m/n/12 Linear time com-plex-ity ap-prox-i-mate geodesics com-pu-ta-t
ion with a bounded
 []

[10 <F:/dropbox/Dropbox/New folder/wli_final_thesis/tex/phd_thesis_template/ima
ges/geodesic_polyDef_2.jpg>]
Missing character: There is no â in font ptmr7t!
Missing character: There is no € in font ptmr7t!
Missing character: There is no “ in font ptmr7t!
 [11]
Missing character: There is no â in font ptmr7t!
Missing character: There is no € in font ptmr7t!
Missing character: There is no “ in font ptmr7t!
 [12] [13]
<../images/geodesic_polyDef_d.jpeg, id=189, 1147.28625pt x 761.84625pt>
File: ../images/geodesic_polyDef_d.jpeg Graphic file (type jpg)

<use ../images/geodesic_polyDef_d.jpeg>
Package pdftex.def Info: ../images/geodesic_polyDef_d.jpeg used on input line 3
25.
(pdftex.def)             Requested size: 368.57744pt x 244.74901pt.
 [14 <F:/dropbox/Dropbox/New folder/wli_final_thesis/tex/phd_thesis_template/im
ages/geodesic_polyDef_d.jpeg>]
Overfull \hbox (8.93692pt too wide) in paragraph at lines 347--368
[]$\OML/cmm/m/it/12 K \OT1/cmr/m/n/12 = [][]$ 
 []

[15] [16]
LaTeX Font Info:    Font shape `OT1/ptm/bx/n' in size <14.4> not available
(Font)              Font shape `OT1/ptm/b/n' tried instead on input line 409.
 [17] [18] [19] [20] [21] [22] [23]
<../images/geodesic_image/offset_point.jpg, id=307, 984.67876pt x 653.44125pt>
File: ../images/geodesic_image/offset_point.jpg Graphic file (type jpg)

<use ../images/geodesic_image/offset_point.jpg>
Package pdftex.def Info: ../images/geodesic_image/offset_point.jpg used on inpu
t line 591.
(pdftex.def)             Requested size: 331.71744pt x 220.13306pt.
 [24 <F:/dropbox/Dropbox/New folder/wli_final_thesis/tex/phd_thesis_template/im
ages/geodesic_image/offset_point.jpg>]
<../images/geodesic_image/straightest_geodesic_demo2.jpg, id=320, 875.27pt x 76
6.865pt>
File: ../images/geodesic_image/straightest_geodesic_demo2.jpg Graphic file (typ
e jpg)
 <use ../images/geodesic_image/straightest_geodesic_demo2.jpg>
Package pdftex.def Info: ../images/geodesic_image/straightest_geodesic_demo2.jp
g used on input line 600.
(pdftex.def)             Requested size: 331.71744pt x 290.62773pt.
 [25 <F:/dropbox/Dropbox/New folder/wli_final_thesis/tex/phd_thesis_template/im
ages/geodesic_image/straightest_geodesic_demo2.jpg>]
<../images/geodesic_image/projection_demo.jpg, id=332, 981.6675pt x 641.39626pt
>
File: ../images/geodesic_image/projection_demo.jpg Graphic file (type jpg)
 <use ../images/geodesic_image/projection_demo.jpg>
Package pdftex.def Info: ../images/geodesic_image/projection_demo.jpg used on i
nput line 621.
(pdftex.def)             Requested size: 331.71744pt x 216.73103pt.
 [26]
Overfull \hbox (13.72806pt too wide) in paragraph at lines 626--627
[]\OT1/ptm/m/n/12 In Fig-ure []1.10[], red line in-di-cate the piece-wise ap-pr
ox-i-ma-tion of a geodesic.
 []

[27 <F:/dropbox/Dropbox/New folder/wli_final_thesis/tex/phd_thesis_template/ima
ges/geodesic_image/projection_demo.jpg>]
Package hyperref Info: bookmark level for unknown algorithm defaults to 0 on in
put line 640.
 [28] [29]
<../images/geodesic_image/select_parent.jpg, id=370, 3733.95pt x 2582.64874pt>
File: ../images/geodesic_image/select_parent.jpg Graphic file (type jpg)

<use ../images/geodesic_image/select_parent.jpg>
Package pdftex.def Info: ../images/geodesic_image/select_parent.jpg used on inp
ut line 678.
(pdftex.def)             Requested size: 331.71744pt x 229.43335pt.
 [30 <F:/dropbox/Dropbox/New folder/wli_final_thesis/tex/phd_thesis_template/im
ages/geodesic_image/select_parent.jpg>] [31]
Overfull \hbox (0.81305pt too wide) in paragraph at lines 745--745
[]$\OT1/cmr/m/n/12 = \OML/cmm/m/it/12 distanceBetween\OT1/cmr/m/n/12 (\OML/cmm/
m/it/12 parentNode; pc[]\OT1/cmr/m/n/12 ) +$
 []

[32] [33] [34]
Underfull \hbox (badness 10000) in paragraph at lines 803--804
[]\OT1/ptm/b/n/12 func-tion \OT1/ptm/m/sc/12 get-Par-entN-ode\OT1/ptm/m/n/12 ($
\OML/cmm/m/it/12 W$\OT1/ptm/m/n/12 ,$\OML/cmm/m/it/12 v[]$\OT1/ptm/m/n/12 )($\O
ML/cmm/m/it/12 W$ \OT1/ptm/m/n/12 de-notes prop-a-ga-tion
 []


Overfull \hbox (0.81305pt too wide) in paragraph at lines 835--835
[]$\OT1/cmr/m/n/12 = \OML/cmm/m/it/12 distanceBetween\OT1/cmr/m/n/12 (\OML/cmm/
m/it/12 parentNode; pc[]\OT1/cmr/m/n/12 ) +$
 []

[35] [36] [37] <../images/tape_measuring.jpg, id=439, 271.0125pt x 186.6975pt>
File: ../images/tape_measuring.jpg Graphic file (type jpg)

<use ../images/tape_measuring.jpg>
Package pdftex.def Info: ../images/tape_measuring.jpg used on input line 868.
(pdftex.def)             Requested size: 294.86307pt x 203.13443pt.
 [38 <F:/dropbox/Dropbox/New folder/wli_final_thesis/tex/phd_thesis_template/im
ages/tape_measuring.jpg>]
<../images/geodesic_image/arm_curvature_normal.jpg, id=447, 1027.84pt x 601.246
25pt>
File: ../images/geodesic_image/arm_curvature_normal.jpg Graphic file (type jpg)

 <use ../images/geodesic_image/arm_curvature_normal.jpg>
Package pdftex.def Info: ../images/geodesic_image/arm_curvature_normal.jpg used
 on input line 881.
(pdftex.def)             Requested size: 294.86307pt x 172.48538pt.
 [39 <F:/dropbox/Dropbox/New folder/wli_final_thesis/tex/phd_thesis_template/im
ages/geodesic_image/arm_curvature_normal.jpg>]
<../images/geodesic_image/straighten.jpg, id=455, 1842.885pt x 1437.37pt>
File: ../images/geodesic_image/straighten.jpg Graphic file (type jpg)

<use ../images/geodesic_image/straighten.jpg>
Package pdftex.def Info: ../images/geodesic_image/straighten.jpg used on input 
line 890.
(pdftex.def)             Requested size: 294.86307pt x 229.96196pt.
 [40 <F:/dropbox/Dropbox/New folder/wli_final_thesis/tex/phd_thesis_template/im
ages/geodesic_image/straighten.jpg>]
<../images/geodesic_image/arm_path_corrected.jpg, id=463, 1027.84pt x 601.24625
pt>
File: ../images/geodesic_image/arm_path_corrected.jpg Graphic file (type jpg)
 <use ../images/geodesic_image/arm_path_corrected.jpg>
Package pdftex.def Info: ../images/geodesic_image/arm_path_corrected.jpg used o
n input line 900.
(pdftex.def)             Requested size: 294.86307pt x 172.48538pt.

<../images/geodesic_image/bentArm.png, id=466, 1284.8pt x 722.7pt>
File: ../images/geodesic_image/bentArm.png Graphic file (type png)

<use ../images/geodesic_image/bentArm.png>
Package pdftex.def Info: ../images/geodesic_image/bentArm.png used on input lin
e 915.
(pdftex.def)             Requested size: 294.86307pt x 165.85359pt.
 [41 <F:/dropbox/Dropbox/New folder/wli_final_thesis/tex/phd_thesis_template/im
ages/geodesic_image/arm_path_corrected.jpg>]
<../images/geodesic_image/bentArm_corrected.png, id=475, 1284.8pt x 722.7pt>
File: ../images/geodesic_image/bentArm_corrected.png Graphic file (type png)

<use ../images/geodesic_image/bentArm_corrected.png>
Package pdftex.def Info: ../images/geodesic_image/bentArm_corrected.png used on
 input line 922.
(pdftex.def)             Requested size: 294.86307pt x 165.85359pt.
 [42 <F:/dropbox/Dropbox/New folder/wli_final_thesis/tex/phd_thesis_template/im
ages/geodesic_image/bentArm.png> <F:/dropbox/Dropbox/New folder/wli_final_thesi
s/tex/phd_thesis_template/images/geodesic_image/bentArm_corrected.png>] [43]
Overfull \hbox (11.3402pt too wide) in paragraph at lines 1090--1091
[]\OT1/ptm/m/n/12 The afore-men-tioned al-go-rithms is im-ple-mented on an In-t
el Xeon 3.33GHz
 []

LaTeX Font Info:    Try loading font information for OT1+pcr on input line 1092
.
("f:\Program Files (x86)\MiKTeX 2.9\tex\latex\psnfss\ot1pcr.fd"
File: ot1pcr.fd 2001/06/04 font definitions for OT1/pcr.
)
<../images/geodesic_image/Picture1-1.jpg, id=521, 1091.07625pt x 699.61375pt>
File: ../images/geodesic_image/Picture1-1.jpg Graphic file (type jpg)

<use ../images/geodesic_image/Picture1-1.jpg>
Package pdftex.def Info: ../images/geodesic_image/Picture1-1.jpg used on input 
line 1095.
(pdftex.def)             Requested size: 368.57744pt x 236.33897pt.

Underfull \hbox (badness 10000) in paragraph at lines 1095--1096

 []

[44] [45 <F:/dropbox/Dropbox/New folder/wli_final_thesis/tex/phd_thesis_templat
e/images/geodesic_image/Picture1-1.jpg>]
<../images/geodesic_image/standard_ball.jpeg, id=557, 1003.75pt x 1003.75pt>
File: ../images/geodesic_image/standard_ball.jpeg Graphic file (type jpg)

<use ../images/geodesic_image/standard_ball.jpeg>
Package pdftex.def Info: ../images/geodesic_image/standard_ball.jpeg used on in
put line 1134.
(pdftex.def)             Requested size: 294.86307pt x 294.86308pt.

<../images/geodesic_image/accuracy_2.png, id=558, 492.64969pt x 297.77916pt>
File: ../images/geodesic_image/accuracy_2.png Graphic file (type png)

<use ../images/geodesic_image/accuracy_2.png>
Package pdftex.def Info: ../images/geodesic_image/accuracy_2.png used on input 
line 1142.
(pdftex.def)             Requested size: 294.86307pt x 178.23267pt.
 [46 <F:/dropbox/Dropbox/New folder/wli_final_thesis/tex/phd_thesis_template/im
ages/geodesic_image/standard_ball.jpeg>] <../images/geodesic_image/accuracy_1.p
ng, id=578, 492.75pt x 297.621pt>
File: ../images/geodesic_image/accuracy_1.png Graphic file (type png)

<use ../images/geodesic_image/accuracy_1.png>
Package pdftex.def Info: ../images/geodesic_image/accuracy_1.png used on input 
line 1151.
(pdftex.def)             Requested size: 294.86307pt x 178.1062pt.
 [47 <F:/dropbox/Dropbox/New folder/wli_final_thesis/tex/phd_thesis_template/im
ages/geodesic_image/accuracy_2.png> <F:/dropbox/Dropbox/New folder/wli_final_th
esis/tex/phd_thesis_template/images/geodesic_image/accuracy_1.png>]
<../images/geodesic_image/error_demo_triangle.jpg, id=595, 803.0pt x 602.25pt>
File: ../images/geodesic_image/error_demo_triangle.jpg Graphic file (type jpg)

<use ../images/geodesic_image/error_demo_triangle.jpg>
Package pdftex.def Info: ../images/geodesic_image/error_demo_triangle.jpg used 
on input line 1162.
(pdftex.def)             Requested size: 331.71744pt x 248.78958pt.
 [48 <F:/dropbox/Dropbox/New folder/wli_final_thesis/tex/phd_thesis_template/im
ages/geodesic_image/error_demo_triangle.jpg>] [49]
<../images/geodesic_image/cylinder_test.jpg, id=620, 1096.095pt x 816.04875pt>
File: ../images/geodesic_image/cylinder_test.jpg Graphic file (type jpg)

<use ../images/geodesic_image/cylinder_test.jpg>
Package pdftex.def Info: ../images/geodesic_image/cylinder_test.jpg used on inp
ut line 1199.
(pdftex.def)             Requested size: 294.86307pt x 219.52673pt.
 [50 <F:/dropbox/Dropbox/New folder/wli_final_thesis/tex/phd_thesis_template/im
ages/geodesic_image/cylinder_test.jpg>]
<../images/geodesic_image/app_error1.jpg, id=637, 784.9325pt x 483.8075pt>
File: ../images/geodesic_image/app_error1.jpg Graphic file (type jpg)

<use ../images/geodesic_image/app_error1.jpg>
Package pdftex.def Info: ../images/geodesic_image/app_error1.jpg used on input 
line 1209.
(pdftex.def)             Requested size: 184.28871pt x 113.58405pt.

<../images/geodesic_image/app_error2.jpg, id=638, 784.9325pt x 483.8075pt>
File: ../images/geodesic_image/app_error2.jpg Graphic file (type jpg)

<use ../images/geodesic_image/app_error2.jpg>
Package pdftex.def Info: ../images/geodesic_image/app_error2.jpg used on input 
line 1215.
(pdftex.def)             Requested size: 184.28871pt x 113.58405pt.

Overfull \hbox (4.56004pt too wide) in paragraph at lines 1208--1219
 [][]  [] 
 []

<../images/geodesic_image/absolute_error.jpg, id=641, 743.77875pt x 626.34pt>
File: ../images/geodesic_image/absolute_error.jpg Graphic file (type jpg)

<use ../images/geodesic_image/absolute_error.jpg>
Package pdftex.def Info: ../images/geodesic_image/absolute_error.jpg used on in
put line 1228.
(pdftex.def)             Requested size: 184.28871pt x 155.18925pt.

<../images/geodesic_image/running_time.jpg, id=642, 743.77875pt x 626.34pt>
File: ../images/geodesic_image/running_time.jpg Graphic file (type jpg)

<use ../images/geodesic_image/running_time.jpg>
Package pdftex.def Info: ../images/geodesic_image/running_time.jpg used on inpu
t line 1233.
(pdftex.def)             Requested size: 184.28871pt x 155.18925pt.
 [51 <F:/dropbox/Dropbox/New folder/wli_final_thesis/tex/phd_thesis_template/im
ages/geodesic_image/app_error1.jpg> <F:/dropbox/Dropbox/New folder/wli_final_th
esis/tex/phd_thesis_template/images/geodesic_image/app_error2.jpg>]
Overfull \hbox (4.74225pt too wide) in paragraph at lines 1251--1251
\OT1/ptm/m/n/12 #V:127490 
 []


Overfull \hbox (3.63821pt too wide) in paragraph at lines 1251--1251
\OT1/ptm/m/n/12 #F:254976| 
 []


Overfull \hbox (4.74225pt too wide) in paragraph at lines 1251--1251
\OT1/ptm/m/n/12 #V:367942 
 []


Overfull \hbox (3.63821pt too wide) in paragraph at lines 1251--1251
\OT1/ptm/m/n/12 #F:735656| 
 []


Overfull \hbox (4.74225pt too wide) in paragraph at lines 1251--1251
\OT1/ptm/m/n/12 #V:365476 
 []


Overfull \hbox (3.63821pt too wide) in paragraph at lines 1251--1251
\OT1/ptm/m/n/12 #F:730760| 
 []


Overfull \hbox (4.74225pt too wide) in paragraph at lines 1251--1252
\OT1/ptm/m/n/12 #V:356544 
 []


Overfull \hbox (3.63821pt too wide) in paragraph at lines 1251--1252
\OT1/ptm/m/n/12 #F:712992| 
 []


Overfull \hbox (308.82649pt too wide) in paragraph at lines 1253--1253
[]|[]| 
 []


Overfull \hbox (308.82649pt too wide) in paragraph at lines 1257--1257
[]|[]| 
 []


Overfull \hbox (308.82649pt too wide) in paragraph at lines 1261--1261
[]|[]| 
 []


Overfull \hbox (308.82649pt too wide) in paragraph at lines 1265--1265
[]|[]| 
 []


Overfull \hbox (2.13092pt too wide) in paragraph at lines 1248--1270
 [][] 
 []

[52 <F:/dropbox/Dropbox/New folder/wli_final_thesis/tex/phd_thesis_template/ima
ges/geodesic_image/absolute_error.jpg> <F:/dropbox/Dropbox/New folder/wli_final
_thesis/tex/phd_thesis_template/images/geodesic_image/running_time.jpg>]
<../images/geodesic_image/figure7a.jpg, id=671, 813.0375pt x 494.84875pt>
File: ../images/geodesic_image/figure7a.jpg Graphic file (type jpg)

<use ../images/geodesic_image/figure7a.jpg>
Package pdftex.def Info: ../images/geodesic_image/figure7a.jpg used on input li
ne 1283.
(pdftex.def)             Requested size: 331.71744pt x 201.8926pt.
 [53]
<../images/geodesic_image/figure7b.jpg, id=681, 853.1875pt x 534.99875pt>
File: ../images/geodesic_image/figure7b.jpg Graphic file (type jpg)

<use ../images/geodesic_image/figure7b.jpg>
Package pdftex.def Info: ../images/geodesic_image/figure7b.jpg used on input li
ne 1294.
(pdftex.def)             Requested size: 331.71744pt x 208.01192pt.
 [54 <F:/dropbox/Dropbox/New folder/wli_final_thesis/tex/phd_thesis_template/im
ages/geodesic_image/figure7a.jpg> <F:/dropbox/Dropbox/New folder/wli_final_thes
is/tex/phd_thesis_template/images/geodesic_image/figure7b.jpg>]
Underfull \hbox (badness 10000) in paragraph at lines 1321--1321
[]|\OT1/ptm/m/n/12 Character
 []


Underfull \hbox (badness 10000) in paragraph at lines 1321--1321
[]|\OT1/ptm/m/n/12 Character
 []


Underfull \hbox (badness 10000) in paragraph at lines 1321--1321
[]|\OT1/ptm/m/n/12 Character
 []


Underfull \hbox (badness 10000) in paragraph at lines 1321--1322
[]|\OT1/ptm/m/n/12 Character
 []

<../images/geodesic_image/A_measurement.jpg, id=697, 1003.75pt x 1084.05pt>
File: ../images/geodesic_image/A_measurement.jpg Graphic file (type jpg)

<use ../images/geodesic_image/A_measurement.jpg>
Package pdftex.def Info: ../images/geodesic_image/A_measurement.jpg used on inp
ut line 1338.
(pdftex.def)             Requested size: 368.57744pt x 398.06517pt.
 [55]
<../images/geodesic_image/hulk_correction.jpg, id=710, 1003.75pt x 812.03375pt>
File: ../images/geodesic_image/hulk_correction.jpg Graphic file (type jpg)
<use ../images/geodesic_image/hulk_correction.jpg>
Package pdftex.def Info: ../images/geodesic_image/hulk_correction.jpg used on i
nput line 1344.
(pdftex.def)             Requested size: 368.57744pt x 298.1803pt.
 [56 <F:/dropbox/Dropbox/New folder/wli_final_thesis/tex/phd_thesis_template/im
ages/geodesic_image/A_measurement.jpg>]
<../images/geodesic_image/B_measurement.jpg, id=715, 1003.75pt x 1084.05pt>
File: ../images/geodesic_image/B_measurement.jpg Graphic file (type jpg)

<use ../images/geodesic_image/B_measurement.jpg>
Package pdftex.def Info: ../images/geodesic_image/B_measurement.jpg used on inp
ut line 1380.
(pdftex.def)             Requested size: 368.57744pt x 398.06517pt.
 [57 <F:/dropbox/Dropbox/New folder/wli_final_thesis/tex/phd_thesis_template/im
ages/geodesic_image/hulk_correction.jpg>]
<../images/geodesic_image/C_measurement.jpg, id=720, 1003.75pt x 1084.05pt>
File: ../images/geodesic_image/C_measurement.jpg Graphic file (type jpg)

<use ../images/geodesic_image/C_measurement.jpg>
Package pdftex.def Info: ../images/geodesic_image/C_measurement.jpg used on inp
ut line 1412.
(pdftex.def)             Requested size: 368.57744pt x 398.06517pt.
 [58 <F:/dropbox/Dropbox/New folder/wli_final_thesis/tex/phd_thesis_template/im
ages/geodesic_image/B_measurement.jpg>]
<../images/geodesic_image/D_measurement.jpg, id=727, 1003.75pt x 1084.05pt>
File: ../images/geodesic_image/D_measurement.jpg Graphic file (type jpg)

<use ../images/geodesic_image/D_measurement.jpg>
Package pdftex.def Info: ../images/geodesic_image/D_measurement.jpg used on inp
ut line 1443.
(pdftex.def)             Requested size: 368.57744pt x 398.06517pt.
 [59 <F:/dropbox/Dropbox/New folder/wli_final_thesis/tex/phd_thesis_template/im
ages/geodesic_image/C_measurement.jpg>] [60 <F:/dropbox/Dropbox/New folder/wli_
final_thesis/tex/phd_thesis_template/images/geodesic_image/D_measurement.jpg>]
Overfull \hbox (4.5122pt too wide) in paragraph at lines 1522--1523
[]\OT1/ptm/m/n/12 This chap-ter pro-posed a char-ac-ter body mea-sure-ments ex-
trac-tion method
 []


("F:\dropbox\Dropbox\New folder\wli_final_thesis\tex\phd_thesis_template\chapte
rs\geodesic.bbl" [61] [62

] [63]
Missing character: There is no Ã in font ptmr7t!
Missing character: There is no   in font ptmr7t!
Missing character: There is no Ã in font ptmr7t!
Missing character: There is no © in font ptmr7t!
Missing character: There is no Ã in font ptmr7t!
Missing character: There is no   in font ptmr7t!
Missing character: There is no Ã in font ptmri7t!
Missing character: There is no © in font ptmri7t!
Missing character: There is no Ã in font ptmri7t!
Missing character: There is no © in font ptmri7t!
 [64]) [65]
Package atveryend Info: Empty hook `BeforeClearDocument' on input line 1535.
Package atveryend Info: Empty hook `AfterLastShipout' on input line 1535.

("F:\dropbox\Dropbox\New folder\wli_final_thesis\tex\phd_thesis_template\chapte
rs\geodesic.aux")
Package atveryend Info: Executing hook `AtVeryEndDocument' on input line 1535.
Package atveryend Info: Empty hook `AtEndAfterFileList' on input line 1535.
Package atveryend Info: Empty hook `AtVeryVeryEnd' on input line 1535.
 )
(\end occurred when \ifx on line 1529 was incomplete) 
Here is how much of TeX's memory you used:
 10433 strings out of 493921
 162846 string characters out of 3144838
 256298 words of memory out of 3000000
 13313 multiletter control sequences out of 15000+200000
 36260 words of font info for 80 fonts, out of 3000000 for 9000
 841 hyphenation exceptions out of 8191
 38i,27n,43p,2031b,504s stack positions out of 5000i,500n,10000p,200000b,50000s
pdfTeX warning (dest): nam
e{Hfootnote.1} has been referenced but does not exist, replaced by a fixed one

{f:/Program Files (x86)/MiKTeX 2.9/fonts/enc/dvips/fontname/8r.enc}<f:/Program 
Files (x86)/MiKTeX 2.9/fonts/type1/public/amsfonts/cm/cmex10.pfb><f:/Program Fi
les (x86)/MiKTeX 2.9/fonts/type1/public/amsfonts/cm/cmmi10.pfb><f:/Program File
s (x86)/MiKTeX 2.9/fonts/type1/public/amsfonts/cm/cmmi12.pfb><f:/Program Files 
(x86)/MiKTeX 2.9/fonts/type1/public/amsfonts/cm/cmmi6.pfb><f:/Program Files (x8
6)/MiKTeX 2.9/fonts/type1/public/amsfonts/cm/cmmi8.pfb><f:/Program Files (x86)/
MiKTeX 2.9/fonts/type1/public/amsfonts/cm/cmr12.pfb><f:/Program Files (x86)/MiK
TeX 2.9/fonts/type1/public/amsfonts/cm/cmr6.pfb><f:/Program Files (x86)/MiKTeX 
2.9/fonts/type1/public/amsfonts/cm/cmr8.pfb><f:/Program Files (x86)/MiKTeX 2.9/
fonts/type1/public/amsfonts/cm/cmsy10.pfb><f:/Program Files (x86)/MiKTeX 2.9/fo
nts/type1/public/amsfonts/cm/cmsy6.pfb><f:/Program Files (x86)/MiKTeX 2.9/fonts
/type1/public/amsfonts/cm/cmsy8.pfb><f:/Program Files (x86)/MiKTeX 2.9/fonts/ty
pe1/public/amsfonts/symbols/msbm10.pfb><f:/Program Files (x86)/MiKTeX 2.9/fonts
/type1/urw/courier/ucrr8a.pfb><f:/Program Files (x86)/MiKTeX 2.9/fonts/type1/ur
w/times/utmb8a.pfb><f:/Program Files (x86)/MiKTeX 2.9/fonts/type1/urw/times/utm
r8a.pfb><f:/Program Files (x86)/MiKTeX 2.9/fonts/type1/urw/times/utmri8a.pfb>
Output written on geodesic.pdf (65 pages, 8528882 bytes).
PDF statistics:
 902 PDF objects out of 1000 (max. 8388607)
 195 named destinations out of 1000 (max. 500000)
 288 words of extra memory for PDF output out of 10000 (max. 10000000)

