This is pdfTeX, Version 3.1415926-2.4-1.40.13 (MiKTeX 2.9) (preloaded format=pdflatex 2014.4.21)  21 APR 2014 17:17
entering extended mode
**literature_review.tex

("D:\dropBox\Dropbox\New folder\wli_final_thesis\tex\phd_thesis_template\chapte
rs\literature_review.tex"
LaTeX2e <2011/06/27>
Babel <v3.8m> and hyphenation patterns for english, afrikaans, ancientgreek, ar
abic, armenian, assamese, basque, bengali, bokmal, bulgarian, catalan, coptic, 
croatian, czech, danish, dutch, esperanto, estonian, farsi, finnish, french, ga
lician, german, german-x-2012-05-30, greek, gujarati, hindi, hungarian, iceland
ic, indonesian, interlingua, irish, italian, kannada, kurmanji, latin, latvian,
 lithuanian, malayalam, marathi, mongolian, mongolianlmc, monogreek, ngerman, n
german-x-2012-05-30, nynorsk, oriya, panjabi, pinyin, polish, portuguese, roman
ian, russian, sanskrit, serbian, slovak, slovenian, spanish, swedish, swissgerm
an, tamil, telugu, turkish, turkmen, ukenglish, ukrainian, uppersorbian, usengl
ishmax, welsh, loaded.

("D:\dropBox\Dropbox\New folder\wli_final_thesis\tex\phd_thesis_template\format
\format-setup.tex" ("d:\Program Files (x86)\MiKTeX 2.9\tex\latex\base\report.cl
s"
Document Class: report 2007/10/19 v1.4h Standard LaTeX document class
("d:\Program Files (x86)\MiKTeX 2.9\tex\latex\base\size12.clo"
File: size12.clo 2007/10/19 v1.4h Standard LaTeX file (size option)
)
\c@part=\count79
\c@chapter=\count80
\c@section=\count81
\c@subsection=\count82
\c@subsubsection=\count83
\c@paragraph=\count84
\c@subparagraph=\count85
\c@figure=\count86
\c@table=\count87
\abovecaptionskip=\skip41
\belowcaptionskip=\skip42
\bibindent=\dimen102
)
("d:\Program Files (x86)\MiKTeX 2.9\tex\latex\geometry\geometry.sty"
Package: geometry 2010/09/12 v5.6 Page Geometry

("d:\Program Files (x86)\MiKTeX 2.9\tex\latex\graphics\keyval.sty"
Package: keyval 1999/03/16 v1.13 key=value parser (DPC)
\KV@toks@=\toks14
)
("d:\Program Files (x86)\MiKTeX 2.9\tex\generic\oberdiek\ifpdf.sty"
Package: ifpdf 2011/01/30 v2.3 Provides the ifpdf switch (HO)
Package ifpdf Info: pdfTeX in PDF mode is detected.
)
("d:\Program Files (x86)\MiKTeX 2.9\tex\generic\oberdiek\ifvtex.sty"
Package: ifvtex 2010/03/01 v1.5 Detect VTeX and its facilities (HO)
Package ifvtex Info: VTeX not detected.
)
("d:\Program Files (x86)\MiKTeX 2.9\tex\generic\ifxetex\ifxetex.sty"
Package: ifxetex 2010/09/12 v0.6 Provides ifxetex conditional
)
\Gm@cnth=\count88
\Gm@cntv=\count89
\c@Gm@tempcnt=\count90
\Gm@bindingoffset=\dimen103
\Gm@wd@mp=\dimen104
\Gm@odd@mp=\dimen105
\Gm@even@mp=\dimen106
\Gm@layoutwidth=\dimen107
\Gm@layoutheight=\dimen108
\Gm@layouthoffset=\dimen109
\Gm@layoutvoffset=\dimen110
\Gm@dimlist=\toks15

("d:\Program Files (x86)\MiKTeX 2.9\tex\latex\geometry\geometry.cfg"))
("d:\Program Files (x86)\MiKTeX 2.9\tex\latex\psnfss\times.sty"
Package: times 2005/04/12 PSNFSS-v9.2a (SPQR) 
)
(C:\Users\wli.STAFF.009\AppData\Roaming\MiKTeX\2.9\tex\latex\caption\caption.st
y
Package: caption 2013/04/14 v3.3-73 Customizing captions (AR)

(C:\Users\wli.STAFF.009\AppData\Roaming\MiKTeX\2.9\tex\latex\caption\caption3.s
ty
Package: caption3 2013/04/14 v1.5-71 caption3 kernel (AR)
\captionmargin=\dimen111
\captionmargin@=\dimen112
\captionwidth=\dimen113
\caption@tempdima=\dimen114
\caption@indent=\dimen115
\caption@parindent=\dimen116
\caption@hangindent=\dimen117
)
\c@ContinuedFloat=\count91
)
(C:\Users\wli.STAFF.009\AppData\Roaming\MiKTeX\2.9\tex\latex\footmisc\footmisc.
sty
Package: footmisc 2011/06/06 v5.5b a miscellany of footnote facilities
\FN@temptoken=\toks16
\footnotemargin=\dimen118
\c@pp@next@reset=\count92
Package footmisc Info: Declaring symbol style bringhurst on input line 855.
Package footmisc Info: Declaring symbol style chicago on input line 863.
Package footmisc Info: Declaring symbol style wiley on input line 872.
Package footmisc Info: Declaring symbol style lamport-robust on input line 883.

Package footmisc Info: Declaring symbol style lamport* on input line 903.
Package footmisc Info: Declaring symbol style lamport*-robust on input line 924
.
) ("d:\Program Files (x86)\MiKTeX 2.9\tex\latex\hyperref\hyperref.sty"
Package: hyperref 2012/11/06 v6.83m Hypertext links for LaTeX

("d:\Program Files (x86)\MiKTeX 2.9\tex\generic\oberdiek\hobsub-hyperref.sty"
Package: hobsub-hyperref 2012/04/25 v1.12 Bundle oberdiek, subset hyperref (HO)


("d:\Program Files (x86)\MiKTeX 2.9\tex\generic\oberdiek\hobsub-generic.sty"
Package: hobsub-generic 2012/04/25 v1.12 Bundle oberdiek, subset generic (HO)
Package: hobsub 2012/04/25 v1.12 Construct package bundles (HO)
Package: infwarerr 2010/04/08 v1.3 Providing info/warning/error messages (HO)
Package: ltxcmds 2011/11/09 v1.22 LaTeX kernel commands for general use (HO)
Package: ifluatex 2010/03/01 v1.3 Provides the ifluatex switch (HO)
Package ifluatex Info: LuaTeX not detected.
Package hobsub Info: Skipping package `ifvtex' (already loaded).
Package: intcalc 2007/09/27 v1.1 Expandable calculations with integers (HO)
Package hobsub Info: Skipping package `ifpdf' (already loaded).
Package: etexcmds 2011/02/16 v1.5 Avoid name clashes with e-TeX commands (HO)
Package etexcmds Info: Could not find \expanded.
(etexcmds)             That can mean that you are not using pdfTeX 1.50 or
(etexcmds)             that some package has redefined \expanded.
(etexcmds)             In the latter case, load this package earlier.
Package: kvsetkeys 2012/04/25 v1.16 Key value parser (HO)
Package: kvdefinekeys 2011/04/07 v1.3 Define keys (HO)
Package: pdftexcmds 2011/11/29 v0.20 Utility functions of pdfTeX for LuaTeX (HO
)
Package pdftexcmds Info: LuaTeX not detected.
Package pdftexcmds Info: \pdf@primitive is available.
Package pdftexcmds Info: \pdf@ifprimitive is available.
Package pdftexcmds Info: \pdfdraftmode found.
Package: pdfescape 2011/11/25 v1.13 Implements pdfTeX's escape features (HO)
Package: bigintcalc 2012/04/08 v1.3 Expandable calculations on big integers (HO
)
Package: bitset 2011/01/30 v1.1 Handle bit-vector datatype (HO)
Package: uniquecounter 2011/01/30 v1.2 Provide unlimited unique counter (HO)
)
Package hobsub Info: Skipping package `hobsub' (already loaded).
Package: letltxmacro 2010/09/02 v1.4 Let assignment for LaTeX macros (HO)
Package: hopatch 2011/06/24 v1.1 Wrapper for package hooks (HO)
Package: xcolor-patch 2011/01/30 xcolor patch
Package: atveryend 2011/06/30 v1.8 Hooks at the very end of document (HO)
Package atveryend Info: \enddocument detected (standard20110627).
Package: atbegshi 2011/10/05 v1.16 At begin shipout hook (HO)
Package: refcount 2011/10/16 v3.4 Data extraction from label references (HO)
Package: hycolor 2011/01/30 v1.7 Color options for hyperref/bookmark (HO)
)
("d:\Program Files (x86)\MiKTeX 2.9\tex\latex\oberdiek\auxhook.sty"
Package: auxhook 2011/03/04 v1.3 Hooks for auxiliary files (HO)
)
("d:\Program Files (x86)\MiKTeX 2.9\tex\latex\oberdiek\kvoptions.sty"
Package: kvoptions 2011/06/30 v3.11 Key value format for package options (HO)
)
\@linkdim=\dimen119
\Hy@linkcounter=\count93
\Hy@pagecounter=\count94

("d:\Program Files (x86)\MiKTeX 2.9\tex\latex\hyperref\pd1enc.def"
File: pd1enc.def 2012/11/06 v6.83m Hyperref: PDFDocEncoding definition (HO)
)
\Hy@SavedSpaceFactor=\count95

("d:\Program Files (x86)\MiKTeX 2.9\tex\latex\00miktex\hyperref.cfg"
File: hyperref.cfg 2002/06/06 v1.2 hyperref configuration of TeXLive
)
Package hyperref Info: Hyper figures OFF on input line 4443.
Package hyperref Info: Link nesting OFF on input line 4448.
Package hyperref Info: Hyper index ON on input line 4451.
Package hyperref Info: Plain pages OFF on input line 4458.
Package hyperref Info: Backreferencing OFF on input line 4463.
Package hyperref Info: Implicit mode ON; LaTeX internals redefined.
Package hyperref Info: Bookmarks ON on input line 4688.
\c@Hy@tempcnt=\count96

("d:\Program Files (x86)\MiKTeX 2.9\tex\latex\ltxmisc\url.sty"
\Urlmuskip=\muskip10
Package: url 2006/04/12  ver 3.3  Verb mode for urls, etc.
)
LaTeX Info: Redefining \url on input line 5041.
\XeTeXLinkMargin=\dimen120
\Fld@menulength=\count97
\Field@Width=\dimen121
\Fld@charsize=\dimen122
Package hyperref Info: Hyper figures OFF on input line 6295.
Package hyperref Info: Link nesting OFF on input line 6300.
Package hyperref Info: Hyper index ON on input line 6303.
Package hyperref Info: backreferencing OFF on input line 6310.
Package hyperref Info: Link coloring OFF on input line 6315.
Package hyperref Info: Link coloring with OCG OFF on input line 6320.
Package hyperref Info: PDF/A mode OFF on input line 6325.
LaTeX Info: Redefining \ref on input line 6365.
LaTeX Info: Redefining \pageref on input line 6369.
\Hy@abspage=\count98
\c@Item=\count99
\c@Hfootnote=\count100
)

Package hyperref Message: Driver (autodetected): hpdftex.

("d:\Program Files (x86)\MiKTeX 2.9\tex\latex\hyperref\hpdftex.def"
File: hpdftex.def 2012/11/06 v6.83m Hyperref driver for pdfTeX
\Fld@listcount=\count101
\c@bookmark@seq@number=\count102

("d:\Program Files (x86)\MiKTeX 2.9\tex\latex\oberdiek\rerunfilecheck.sty"
Package: rerunfilecheck 2011/04/15 v1.7 Rerun checks for auxiliary files (HO)
Package uniquecounter Info: New unique counter `rerunfilecheck' on input line 2
82.
)
\Hy@SectionHShift=\skip43
)
("d:\Program Files (x86)\MiKTeX 2.9\tex\latex\oberdiek\bookmark.sty"
Package: bookmark 2011/12/02 v1.24 PDF bookmarks (HO)

("d:\Program Files (x86)\MiKTeX 2.9\tex\latex\oberdiek\bkm-pdftex.def"
File: bkm-pdftex.def 2011/12/02 v1.24 bookmark driver for pdfTeX (HO)
\BKM@id=\count103
))
(C:\Users\wli.STAFF.009\AppData\Roaming\MiKTeX\2.9\tex\latex\fancyhdr\fancyhdr.
sty
\fancy@headwidth=\skip44
\f@ncyO@elh=\skip45
\f@ncyO@erh=\skip46
\f@ncyO@olh=\skip47
\f@ncyO@orh=\skip48
\f@ncyO@elf=\skip49
\f@ncyO@erf=\skip50
\f@ncyO@olf=\skip51
\f@ncyO@orf=\skip52
) ("d:\Program Files (x86)\MiKTeX 2.9\tex\latex\graphics\graphicx.sty"
Package: graphicx 1999/02/16 v1.0f Enhanced LaTeX Graphics (DPC,SPQR)

("d:\Program Files (x86)\MiKTeX 2.9\tex\latex\graphics\graphics.sty"
Package: graphics 2009/02/05 v1.0o Standard LaTeX Graphics (DPC,SPQR)

("d:\Program Files (x86)\MiKTeX 2.9\tex\latex\graphics\trig.sty"
Package: trig 1999/03/16 v1.09 sin cos tan (DPC)
)
("d:\Program Files (x86)\MiKTeX 2.9\tex\latex\00miktex\graphics.cfg"
File: graphics.cfg 2007/01/18 v1.5 graphics configuration of teTeX/TeXLive
)
Package graphics Info: Driver file: pdftex.def on input line 91.

("d:\Program Files (x86)\MiKTeX 2.9\tex\latex\pdftex-def\pdftex.def"
File: pdftex.def 2011/05/27 v0.06d Graphics/color for pdfTeX
\Gread@gobject=\count104
))
\Gin@req@height=\dimen123
\Gin@req@width=\dimen124
)
("d:\Program Files (x86)\MiKTeX 2.9\tex\latex\ltxmisc\parskip.sty"
Package: parskip 2001/04/09 non-zero parskip adjustments
)
(C:\Users\wli.STAFF.009\AppData\Roaming\MiKTeX\2.9\tex\latex\tocloft\tocloft.st
y
Package: tocloft 2013/05/02 v2.3f parameterised ToC, etc., typesetting
Package tocloft Info: The document has chapter divisions on input line 44.
\cftparskip=\skip53
\cftbeforetoctitleskip=\skip54
\cftaftertoctitleskip=\skip55
\cftbeforepartskip=\skip56
\cftpartnumwidth=\skip57
\cftpartindent=\skip58
\cftbeforechapskip=\skip59
\cftchapindent=\skip60
\cftchapnumwidth=\skip61
\cftbeforesecskip=\skip62
\cftsecindent=\skip63
\cftsecnumwidth=\skip64
\cftbeforesubsecskip=\skip65
\cftsubsecindent=\skip66
\cftsubsecnumwidth=\skip67
\cftbeforesubsubsecskip=\skip68
\cftsubsubsecindent=\skip69
\cftsubsubsecnumwidth=\skip70
\cftbeforeparaskip=\skip71
\cftparaindent=\skip72
\cftparanumwidth=\skip73
\cftbeforesubparaskip=\skip74
\cftsubparaindent=\skip75
\cftsubparanumwidth=\skip76
\cftbeforeloftitleskip=\skip77
\cftafterloftitleskip=\skip78
\cftbeforefigskip=\skip79
\cftfigindent=\skip80
\cftfignumwidth=\skip81
\c@lofdepth=\count105
\c@lotdepth=\count106
\cftbeforelottitleskip=\skip82
\cftafterlottitleskip=\skip83
\cftbeforetabskip=\skip84
\cfttabindent=\skip85
\cfttabnumwidth=\skip86
) ("d:\Program Files (x86)\MiKTeX 2.9\tex\latex\tools\array.sty"
Package: array 2008/09/09 v2.4c Tabular extension package (FMi)
\col@sep=\dimen125
\extrarowheight=\dimen126
\NC@list=\toks17
\extratabsurround=\skip87
\backup@length=\skip88
)
("d:\Program Files (x86)\MiKTeX 2.9\tex\latex\tools\longtable.sty"
Package: longtable 2004/02/01 v4.11 Multi-page Table package (DPC)
\LTleft=\skip89
\LTright=\skip90
\LTpre=\skip91
\LTpost=\skip92
\LTchunksize=\count107
\LTcapwidth=\dimen127
\LT@head=\box26
\LT@firsthead=\box27
\LT@foot=\box28
\LT@lastfoot=\box29
\LT@cols=\count108
\LT@rows=\count109
\c@LT@tables=\count110
\c@LT@chunks=\count111
\LT@p@ftn=\toks18
)
(C:\Users\wli.STAFF.009\AppData\Roaming\MiKTeX\2.9\tex\latex\wrapfig\wrapfig.st
y
\wrapoverhang=\dimen128
\WF@size=\dimen129
\c@WF@wrappedlines=\count112
\WF@box=\box30
\WF@everypar=\toks19
Package: wrapfig 2003/01/31  v 3.6
)
(C:\Users\wli.STAFF.009\AppData\Roaming\MiKTeX\2.9\tex\latex\caption\subcaption
.sty
Package: subcaption 2013/02/03 v1.1-62 Sub-captions (AR)
\c@subfigure=\count113
\c@subtable=\count114
) ("d:\Program Files (x86)\MiKTeX 2.9\tex\latex\graphics\color.sty"
Package: color 2005/11/14 v1.0j Standard LaTeX Color (DPC)

("d:\Program Files (x86)\MiKTeX 2.9\tex\latex\00miktex\color.cfg"
File: color.cfg 2007/01/18 v1.5 color configuration of teTeX/TeXLive
)
Package color Info: Driver file: pdftex.def on input line 130.
)
(C:\Users\wli.STAFF.009\AppData\Roaming\MiKTeX\2.9\tex\latex\setspace\setspace.
sty
Package: setspace 2011/12/19 v6.7a set line spacing
) ("d:\Program Files (x86)\MiKTeX 2.9\tex\latex\multirow\multirow.sty"
\bigstrutjot=\dimen130
)
("d:\Program Files (x86)\MiKTeX 2.9\tex\latex\amsmath\amsmath.sty"
Package: amsmath 2013/01/14 v2.14 AMS math features
\@mathmargin=\skip93

For additional information on amsmath, use the `?' option.
("d:\Program Files (x86)\MiKTeX 2.9\tex\latex\amsmath\amstext.sty"
Package: amstext 2000/06/29 v2.01

("d:\Program Files (x86)\MiKTeX 2.9\tex\latex\amsmath\amsgen.sty"
File: amsgen.sty 1999/11/30 v2.0
\@emptytoks=\toks20
\ex@=\dimen131
))
("d:\Program Files (x86)\MiKTeX 2.9\tex\latex\amsmath\amsbsy.sty"
Package: amsbsy 1999/11/29 v1.2d
\pmbraise@=\dimen132
)
("d:\Program Files (x86)\MiKTeX 2.9\tex\latex\amsmath\amsopn.sty"
Package: amsopn 1999/12/14 v2.01 operator names
)
\inf@bad=\count115
LaTeX Info: Redefining \frac on input line 210.
\uproot@=\count116
\leftroot@=\count117
LaTeX Info: Redefining \overline on input line 306.
\classnum@=\count118
\DOTSCASE@=\count119
LaTeX Info: Redefining \ldots on input line 378.
LaTeX Info: Redefining \dots on input line 381.
LaTeX Info: Redefining \cdots on input line 466.
\Mathstrutbox@=\box31
\strutbox@=\box32
\big@size=\dimen133
LaTeX Font Info:    Redeclaring font encoding OML on input line 566.
LaTeX Font Info:    Redeclaring font encoding OMS on input line 567.
\macc@depth=\count120
\c@MaxMatrixCols=\count121
\dotsspace@=\muskip11
\c@parentequation=\count122
\dspbrk@lvl=\count123
\tag@help=\toks21
\row@=\count124
\column@=\count125
\maxfields@=\count126
\andhelp@=\toks22
\eqnshift@=\dimen134
\alignsep@=\dimen135
\tagshift@=\dimen136
\tagwidth@=\dimen137
\totwidth@=\dimen138
\lineht@=\dimen139
\@envbody=\toks23
\multlinegap=\skip94
\multlinetaggap=\skip95
\mathdisplay@stack=\toks24
LaTeX Info: Redefining \[ on input line 2665.
LaTeX Info: Redefining \] on input line 2666.
)
("d:\Program Files (x86)\MiKTeX 2.9\tex\latex\amsfonts\amsfonts.sty"
Package: amsfonts 2013/01/14 v3.01 Basic AMSFonts support
\symAMSa=\mathgroup4
\symAMSb=\mathgroup5
LaTeX Font Info:    Overwriting math alphabet `\mathfrak' in version `bold'
(Font)                  U/euf/m/n --> U/euf/b/n on input line 106.
)
("d:\Program Files (x86)\MiKTeX 2.9\tex\latex\base\alltt.sty"
Package: alltt 1997/06/16 v2.0g defines alltt environment
)
(C:\Users\wli.STAFF.009\AppData\Roaming\MiKTeX\2.9\tex\latex\algorithmicx\algor
ithmicx.sty
Package: algorithmicx 2005/04/27 v1.2 Algorithmicx
 ("d:\Program Files (x86)\MiKTeX 2.9\tex\latex\base\ifthen.sty"
Package: ifthen 2001/05/26 v1.1c Standard LaTeX ifthen package (DPC)
)
Document Style algorithmicx 1.2 - a greatly improved `algorithmic' style
\c@ALG@line=\count127
\c@ALG@rem=\count128
\c@ALG@nested=\count129
\ALG@tlm=\skip96
\ALG@thistlm=\skip97
\c@ALG@Lnr=\count130
\c@ALG@blocknr=\count131
\c@ALG@storecount=\count132
\c@ALG@tmpcounter=\count133
\ALG@tmplength=\skip98
)
(C:\Users\wli.STAFF.009\AppData\Roaming\MiKTeX\2.9\tex\latex\algorithms\algorit
hm.sty
Package: algorithm 2009/08/24 v0.1 Document Style `algorithm' - floating enviro
nment
 ("d:\Program Files (x86)\MiKTeX 2.9\tex\latex\float\float.sty"
Package: float 2001/11/08 v1.3d Float enhancements (AL)
\c@float@type=\count134
\float@exts=\toks25
\float@box=\box33
\@float@everytoks=\toks26
\@floatcapt=\box34
)
\@float@every@algorithm=\toks27
\c@algorithm=\count135
)
(C:\Users\wli.STAFF.009\AppData\Roaming\MiKTeX\2.9\tex\latex\algorithmicx\algpa
scal.sty
Package: algpascal 

Document Style - pascal environments for the `algorithmicx' style
)
(C:\Users\wli.STAFF.009\AppData\Roaming\MiKTeX\2.9\tex\latex\algorithmicx\algc.
sty
Package: algc 

Document Style - c/c++ environments for use with the `algorithmicx' style
)
(C:\Users\wli.STAFF.009\AppData\Roaming\MiKTeX\2.9\tex\latex\algorithmicx\algco
mpatible.sty
Package: algcompatible 

Document Style - algorithmic compatible environments for the `algorithmicx' sty
le
)
(C:\Users\wli.STAFF.009\AppData\Roaming\MiKTeX\2.9\tex\latex\algorithmicx\algps
eudocode.sty
Package: algpseudocode 

Document Style - pseudocode environments for use with the `algorithmicx' style
)
(C:\Users\wli.STAFF.009\AppData\Roaming\MiKTeX\2.9\tex\latex\linegoal\linegoal.
sty
Package: linegoal 2011/02/25 v2.9 - Measuring the remaining width of the line
 ("d:\Program Files (x86)\MiKTeX 2.9\tex\latex\misc\etex.sty"
Package: etex 1998/03/26 v2.0 eTeX basic definition package (PEB)
\et@xins=\count136
)
("d:\Program Files (x86)\MiKTeX 2.9\tex\latex\oberdiek\zref.sty"
Package: zref 2012/04/04 v2.24 A new reference scheme for LaTeX (HO)

("d:\Program Files (x86)\MiKTeX 2.9\tex\latex\oberdiek\zref-base.sty"
Package: zref-base 2012/04/04 v2.24 Module base for zref (HO)
Package zref Info: New property list: main on input line 759.
Package zref Info: New property: default on input line 760.
Package zref Info: New property: page on input line 761.
))
("d:\Program Files (x86)\MiKTeX 2.9\tex\latex\oberdiek\zref-savepos.sty"
Package: zref-savepos 2012/04/04 v2.24 Module savepos for zref (HO)
Package zref Info: New property list: savepos on input line 75.
Package zref Info: New property: posx on input line 76.
Package zref Info: New property: posy on input line 77.
)
Package zref Info: New property: linegoal on input line 39.
\LNGL@unique=\count277
\LNGL@tempdim=\dimen256
)
(C:\Users\wli.STAFF.009\AppData\Roaming\MiKTeX\2.9\tex\latex\natbib\natbib.sty
Package: natbib 2010/09/13 8.31b (PWD, AO)
\bibhang=\skip99
\bibsep=\skip100
LaTeX Info: Redefining \cite on input line 694.
\c@NAT@ctr=\count137
))
("D:\dropBox\Dropbox\New folder\wli_final_thesis\tex\phd_thesis_template\chapte
rs\literature_review.aux")
LaTeX Font Info:    Checking defaults for OML/cmm/m/it on input line 5.
LaTeX Font Info:    ... okay on input line 5.
LaTeX Font Info:    Checking defaults for T1/cmr/m/n on input line 5.
LaTeX Font Info:    ... okay on input line 5.
LaTeX Font Info:    Checking defaults for OT1/cmr/m/n on input line 5.
LaTeX Font Info:    ... okay on input line 5.
LaTeX Font Info:    Checking defaults for OMS/cmsy/m/n on input line 5.
LaTeX Font Info:    ... okay on input line 5.
LaTeX Font Info:    Checking defaults for OMX/cmex/m/n on input line 5.
LaTeX Font Info:    ... okay on input line 5.
LaTeX Font Info:    Checking defaults for U/cmr/m/n on input line 5.
LaTeX Font Info:    ... okay on input line 5.
LaTeX Font Info:    Checking defaults for PD1/pdf/m/n on input line 5.
LaTeX Font Info:    ... okay on input line 5.
LaTeX Font Info:    Try loading font information for OT1+ptm on input line 5.

("d:\Program Files (x86)\MiKTeX 2.9\tex\latex\psnfss\ot1ptm.fd"
File: ot1ptm.fd 2001/06/04 font definitions for OT1/ptm.
)
*geometry* driver: auto-detecting
*geometry* detected driver: pdftex
*geometry* verbose mode - [ preamble ] result:
* driver: pdftex
* paper: a4paper
* layout: <same size as paper>
* layoutoffset:(h,v)=(0.0pt,0.0pt)
* modes: 
* h-part:(L,W,R)=(144.54pt, 381.836pt, 71.13188pt)
* v-part:(T,H,B)=(101.40665pt, 672.50832pt, 71.13188pt)
* \paperwidth=597.50787pt
* \paperheight=845.04684pt
* \textwidth=368.57744pt
* \textheight=650.43pt
* \oddsidemargin=72.27pt
* \evensidemargin=72.27pt
* \topmargin=-14.45377pt
* \headheight=12.0pt
* \headsep=25.0pt
* \topskip=12.0pt
* \footskip=30.0pt
* \marginparwidth=35.0pt
* \marginparsep=10.0pt
* \columnsep=10.0pt
* \skip\footins=10.8pt plus 4.0pt minus 2.0pt
* \hoffset=0.0pt
* \voffset=0.0pt
* \mag=1000
* \@twocolumnfalse
* \@twosidefalse
* \@mparswitchfalse
* \@reversemarginfalse
* (1in=72.27pt=25.4mm, 1cm=28.453pt)

Package caption Info: Begin \AtBeginDocument code.
Package caption Info: float package is loaded.
Package caption Info: hyperref package is loaded.
Package caption Info: longtable package is loaded.

(C:\Users\wli.STAFF.009\AppData\Roaming\MiKTeX\2.9\tex\latex\caption\ltcaption.
sty
Package: ltcaption 2013/02/03 v1.3-62 longtable captions (AR)
)
Package caption Info: wrapfig package is loaded.
Package caption Info: End \AtBeginDocument code.
\AtBeginShipoutBox=\box35
Package hyperref Info: Link coloring OFF on input line 5.
 ("d:\Program Files (x86)\MiKTeX 2.9\tex\latex\hyperref\nameref.sty"
Package: nameref 2012/10/27 v2.43 Cross-referencing by name of section

("d:\Program Files (x86)\MiKTeX 2.9\tex\generic\oberdiek\gettitlestring.sty"
Package: gettitlestring 2010/12/03 v1.4 Cleanup title references (HO)
)
\c@section@level=\count138
)
LaTeX Info: Redefining \ref on input line 5.
LaTeX Info: Redefining \pageref on input line 5.
LaTeX Info: Redefining \nameref on input line 5.

(C:\Users\wli.STAFF.009\AppData\Roaming\MiKTeX\2.9\tex\context\base\supp-pdf.mk
ii
[Loading MPS to PDF converter (version 2006.09.02).]
\scratchcounter=\count139
\scratchdimen=\dimen140
\scratchbox=\box36
\nofMPsegments=\count140
\nofMParguments=\count141
\everyMPshowfont=\toks28
\MPscratchCnt=\count142
\MPscratchDim=\dimen141
\MPnumerator=\count143
\makeMPintoPDFobject=\count144
\everyMPtoPDFconversion=\toks29
)
Chapter 1.
LaTeX Font Info:    Font shape `OT1/ptm/bx/n' in size <24.88> not available
(Font)              Font shape `OT1/ptm/b/n' tried instead on input line 12.
[1


{C:/ProgramData/MiKTeX/2.9/pdftex/config/pdftex.map}]
LaTeX Font Info:    Font shape `OT1/ptm/bx/n' in size <17.28> not available
(Font)              Font shape `OT1/ptm/b/n' tried instead on input line 23.

<../images/ancient_roman_cloth.jpg, id=22, 8669.38875pt x 2371.86125pt>
File: ../images/ancient_roman_cloth.jpg Graphic file (type jpg)

<use ../images/ancient_roman_cloth.jpg>
Package pdftex.def Info: ../images/ancient_roman_cloth.jpg used on input line 3
1.
(pdftex.def)             Requested size: 368.57744pt x 100.82991pt.
LaTeX Font Info:    Font shape `OT1/ptm/bx/n' in size <12> not available
(Font)              Font shape `OT1/ptm/b/n' tried instead on input line 32.
 [2] [3 <D:/dropBox/Dropbox/New folder/wli_final_thesis/tex/phd_thesis_template
/images/ancient_roman_cloth.jpg>]
Overfull \hbox (19.73915pt too wide) in paragraph at lines 38--39
[]\OT1/ptm/m/n/12 1987[]; []Stecker[] []1996[]; []Staff[] []2007[]), and pat-te
rn-mak-ing for cus-tom tai-lor-ing([]Margolis[]
 []

[4] <../images/threefigures.jpg, id=91, 689.57625pt x 404.51125pt>
File: ../images/threefigures.jpg Graphic file (type jpg)

<use ../images/threefigures.jpg>
Package pdftex.def Info: ../images/threefigures.jpg used on input line 52.
(pdftex.def)             Requested size: 368.57744pt x 216.21077pt.
 [5 <D:/dropBox/Dropbox/New folder/wli_final_thesis/tex/phd_thesis_template/ima
ges/threefigures.jpg>]
<../images/Da_Vinci.jpg, id=112, 755.82375pt x 1027.84pt>
File: ../images/Da_Vinci.jpg Graphic file (type jpg)

<use ../images/Da_Vinci.jpg>
Package pdftex.def Info: ../images/Da_Vinci.jpg used on input line 64.
(pdftex.def)             Requested size: 258.00307pt x 350.85681pt.
 [6]
LaTeX Font Info:    Try loading font information for U+msa on input line 77.

("d:\Program Files (x86)\MiKTeX 2.9\tex\latex\amsfonts\umsa.fd"
File: umsa.fd 2013/01/14 v3.01 AMS symbols A
)
LaTeX Font Info:    Try loading font information for U+msb on input line 77.

("d:\Program Files (x86)\MiKTeX 2.9\tex\latex\amsfonts\umsb.fd"
File: umsb.fd 2013/01/14 v3.01 AMS symbols B
) [7 <D:/dropBox/Dropbox/New folder/wli_final_thesis/tex/phd_thesis_template/im
ages/Da_Vinci.jpg>]
LaTeX Font Info:    Font shape `OT1/ptm/bx/n' in size <14.4> not available
(Font)              Font shape `OT1/ptm/b/n' tried instead on input line 106.
 [8] <../images/weil1986.jpg, id=169, 394.47375pt x 362.10281pt>
File: ../images/weil1986.jpg Graphic file (type jpg)

<use ../images/weil1986.jpg>
Package pdftex.def Info: ../images/weil1986.jpg used on input line 113.
(pdftex.def)             Requested size: 258.00307pt x 236.82822pt.
 [9 <D:/dropBox/Dropbox/New folder/wli_final_thesis/tex/phd_thesis_template/ima
ges/weil1986.jpg>] [10]
<../images/decaudin.jpg, id=206, 443.40656pt x 324.46219pt>
File: ../images/decaudin.jpg Graphic file (type jpg)

<use ../images/decaudin.jpg>
Package pdftex.def Info: ../images/decaudin.jpg used on input line 129.
(pdftex.def)             Requested size: 258.00307pt x 188.8021pt.
 [11 <D:/dropBox/Dropbox/New folder/wli_final_thesis/tex/phd_thesis_template/im
ages/decaudin.jpg>] [12] [13] [14] [15]
<../images/Terzopoulos1987.jpg, id=273, 178.04265pt x 143.15019pt>
File: ../images/Terzopoulos1987.jpg Graphic file (type jpg)

<use ../images/Terzopoulos1987.jpg>
Package pdftex.def Info: ../images/Terzopoulos1987.jpg used on input line 180.
(pdftex.def)             Requested size: 258.00307pt x 207.45107pt.
 [16]
<../images/Volino2005.jpg, id=286, 1583.9175pt x 623.32875pt>
File: ../images/Volino2005.jpg Graphic file (type jpg)

<use ../images/Volino2005.jpg>
Package pdftex.def Info: ../images/Volino2005.jpg used on input line 190.
(pdftex.def)             Requested size: 258.00307pt x 101.53226pt.
 [17 <D:/dropBox/Dropbox/New folder/wli_final_thesis/tex/phd_thesis_template/im
ages/Terzopoulos1987.jpg>]
<../images/chen2010.jpg, id=297, 237.40695pt x 161.1621pt>
File: ../images/chen2010.jpg Graphic file (type jpg)

<use ../images/chen2010.jpg>
Package pdftex.def Info: ../images/chen2010.jpg used on input line 202.
(pdftex.def)             Requested size: 258.00307pt x 175.14186pt.

Overfull \hbox (5.75941pt too wide) in paragraph at lines 213--214
[]\OT1/ptm/m/n/12 Physical based vir-tual cloth-ing method cal-cu-lates the int
er-force amongst
 []

[18 <D:/dropBox/Dropbox/New folder/wli_final_thesis/tex/phd_thesis_template/ima
ges/Volino2005.jpg>] [19 <D:/dropBox/Dropbox/New folder/wli_final_thesis/tex/ph
d_thesis_template/images/chen2010.jpg>] [20] [21] [22]
Missing character: There is no â in font ptmr7t!
Missing character: There is no € in font ptmr7t!
Missing character: There is no ™ in font ptmr7t!
 [23]
Overfull \hbox (9.47931pt too wide) in paragraph at lines 267--268
\OT1/ptm/m/n/12 com-pu-ta-tion on poly-he-dron. Be-cause ``Con-tin-ues Di-jk-st
ra'' prop-a-ga-tion method
 []

[24]
Missing character: There is no â in font ptmr7t!
Missing character: There is no € in font ptmr7t!
Missing character: There is no ™ in font ptmr7t!
 [25] [26]
Overfull \hbox (5.42456pt too wide) in paragraph at lines 288--289
[][]\OT1/ptm/m/n/12 Ishibuchi & Mu-rata[] ([]1996[]) pro-posed a weighted-sum a
p-proach for multi-
 []

[27] [28]
Overfull \hbox (6.27483pt too wide) in paragraph at lines 296--297
\OT1/ptm/m/n/12 tributed prob-a-bil-ity func-tion that has zero mean and con-st
ant mu-ta-tion strength.
 []


Overfull \hbox (15.07301pt too wide) in paragraph at lines 298--299
[][]\OT1/ptm/m/n/12 Deb[] ([]1999[]); []Srini-vas & Deb[] ([]1994[]); []Deb[] (
[]2001[]) in-tro-duced non-dominated
 []


Overfull \hbox (7.04337pt too wide) in paragraph at lines 300--301
\OT1/ptm/m/n/12 Al-though it can han-dles any num-ber of the ob-jec-tives, re-c
ent re-search([]Ishibuchi
 []


Overfull \hbox (27.6945pt too wide) in paragraph at lines 300--301
\OT1/ptm/m/n/12 NSGA-II per-forms best when the num-ber of the ob-jec-tives is 
around three([]Ishibuchi
 []

[29]
Overfull \hbox (1.41574pt too wide) in paragraph at lines 306--307
[]\OT1/ptm/m/n/12 The ge-o-met-ri-cal vir-tual cloth-ing method gen-er-ates clo
th for vir-tual char-
 []

[30] [31] [32]
("D:\dropBox\Dropbox\New folder\wli_final_thesis\tex\phd_thesis_template\chapte
rs\literature_review.bbl" [33] [34

] [35] [36] [37] [38] [39] [40] [41] [42])
[43]
Package atveryend Info: Empty hook `BeforeClearDocument' on input line 352.
Package atveryend Info: Empty hook `AfterLastShipout' on input line 352.

("D:\dropBox\Dropbox\New folder\wli_final_thesis\tex\phd_thesis_template\chapte
rs\literature_review.aux")
Package atveryend Info: Executing hook `AtVeryEndDocument' on input line 352.
Package atveryend Info: Empty hook `AtEndAfterFileList' on input line 352.


LaTeX Warning: Label(s) may have changed. Rerun to get cross-references right.

Package atveryend Info: Empty hook `AtVeryVeryEnd' on input line 352.
 )
(\end occurred when \ifx on line 346 was incomplete) 
Here is how much of TeX's memory you used:
 10211 strings out of 493921
 155952 string characters out of 3144852
 240668 words of memory out of 3000000
 13170 multiletter control sequences out of 15000+200000
 20593 words of font info for 49 fonts, out of 3000000 for 9000
 841 hyphenation exceptions out of 8191
 38i,11n,43p,2119b,614s stack positions out of 5000i,500n,10000p,200000b,50000s
{d:/Program Files (x86)/MiK
TeX 2.9/fonts/enc/dvips/fontname/8r.enc}<d:/Program Files (x86)/MiKTeX 2.9/font
s/type1/public/amsfonts/cm/cmmi12.pfb><d:/Program Files (x86)/MiKTeX 2.9/fonts/
type1/public/amsfonts/cm/cmr12.pfb><d:/Program Files (x86)/MiKTeX 2.9/fonts/typ
e1/public/amsfonts/cm/cmr8.pfb><d:/Program Files (x86)/MiKTeX 2.9/fonts/type1/u
rw/times/utmb8a.pfb><d:/Program Files (x86)/MiKTeX 2.9/fonts/type1/urw/times/ut
mr8a.pfb><d:/Program Files (x86)/MiKTeX 2.9/fonts/type1/urw/times/utmri8a.pfb>
Output written on literature_review.pdf (43 pages, 7792870 bytes).
PDF statistics:
 691 PDF objects out of 1000 (max. 8388607)
 162 named destinations out of 1000 (max. 500000)
 129 words of extra memory for PDF output out of 10000 (max. 10000000)

